[0.598s] DEBUG:colcon:Command line arguments: ['/usr/bin/colcon', 'build']
[0.599s] DEBUG:colcon:Parsed command line arguments: Namespace(allow_overriding=[], ament_cmake_args=None, base_paths=['.'], build_base='build', catkin_cmake_args=None, catkin_skip_building_tests=False, cmake_args=None, cmake_clean_cache=False, cmake_clean_first=False, cmake_force_configure=False, cmake_target=None, cmake_target_skip_unavailable=False, continue_on_error=False, event_handlers=None, executor='parallel', ignore_user_meta=False, install_base='install', log_base=None, log_level=None, main=<bound method BuildVerb.main of <colcon_core.verb.build.BuildVerb object at 0xffffabee4fd0>>, merge_install=False, metas=['./colcon.meta'], packages_above=None, packages_above_and_dependencies=None, packages_above_depth=None, packages_end=None, packages_ignore=None, packages_ignore_regex=None, packages_select=None, packages_select_build_failed=False, packages_select_by_dep=None, packages_select_regex=None, packages_select_test_failures=False, packages_skip=None, packages_skip_build_finished=False, packages_skip_by_dep=None, packages_skip_regex=None, packages_skip_test_passed=False, packages_skip_up_to=None, packages_start=None, packages_up_to=None, packages_up_to_regex=None, parallel_workers=4, paths=None, symlink_install=False, test_result_base=None, verb_extension=<colcon_core.verb.build.BuildVerb object at 0xffffabee4fd0>, verb_name='build', verb_parser=<colcon_defaults.argument_parser.defaults.DefaultArgumentsDecorator object at 0xffffabef0490>)
[0.618s] Level 1:colcon.colcon_core.package_discovery:discover_packages(colcon_meta) check parameters
[0.619s] Level 1:colcon.colcon_core.package_discovery:discover_packages(recursive) check parameters
[0.619s] Level 1:colcon.colcon_core.package_discovery:discover_packages(ignore) check parameters
[0.619s] Level 1:colcon.colcon_core.package_discovery:discover_packages(path) check parameters
[0.619s] Level 1:colcon.colcon_core.package_discovery:discover_packages(colcon_meta) discover
[0.619s] Level 1:colcon.colcon_core.package_discovery:discover_packages(recursive) discover
[0.619s] INFO:colcon.colcon_core.package_discovery:Crawling recursively for packages in '/home/ubuntu/dev_ws'
[0.620s] Level 1:colcon.colcon_core.package_identification:_identify(.) by extensions ['ignore', 'ignore_ament_install']
[0.620s] Level 1:colcon.colcon_core.package_identification:_identify(.) by extension 'ignore'
[0.621s] Level 1:colcon.colcon_core.package_identification:_identify(.) by extension 'ignore_ament_install'
[0.621s] Level 1:colcon.colcon_core.package_identification:_identify(.) by extensions ['colcon_pkg']
[0.621s] Level 1:colcon.colcon_core.package_identification:_identify(.) by extension 'colcon_pkg'
[0.621s] Level 1:colcon.colcon_core.package_identification:_identify(.) by extensions ['colcon_meta']
[0.621s] Level 1:colcon.colcon_core.package_identification:_identify(.) by extension 'colcon_meta'
[0.622s] Level 1:colcon.colcon_core.package_identification:_identify(.) by extensions ['ros']
[0.622s] Level 1:colcon.colcon_core.package_identification:_identify(.) by extension 'ros'
[0.670s] Level 1:colcon.colcon_core.package_identification:_identify(.) by extensions ['cmake', 'python']
[0.670s] Level 1:colcon.colcon_core.package_identification:_identify(.) by extension 'cmake'
[0.670s] Level 1:colcon.colcon_core.package_identification:_identify(.) by extension 'python'
[0.670s] Level 1:colcon.colcon_core.package_identification:_identify(.) by extensions ['python_setup_py']
[0.670s] Level 1:colcon.colcon_core.package_identification:_identify(.) by extension 'python_setup_py'
[0.671s] Level 1:colcon.colcon_core.package_identification:_identify(build) by extensions ['ignore', 'ignore_ament_install']
[0.671s] Level 1:colcon.colcon_core.package_identification:_identify(build) by extension 'ignore'
[0.672s] Level 1:colcon.colcon_core.package_identification:_identify(build) ignored
[0.672s] Level 1:colcon.colcon_core.package_identification:_identify(install) by extensions ['ignore', 'ignore_ament_install']
[0.673s] Level 1:colcon.colcon_core.package_identification:_identify(install) by extension 'ignore'
[0.673s] Level 1:colcon.colcon_core.package_identification:_identify(install) ignored
[0.674s] Level 1:colcon.colcon_core.package_identification:_identify(log) by extensions ['ignore', 'ignore_ament_install']
[0.675s] Level 1:colcon.colcon_core.package_identification:_identify(log) by extension 'ignore'
[0.675s] Level 1:colcon.colcon_core.package_identification:_identify(log) ignored
[0.675s] Level 1:colcon.colcon_core.package_identification:_identify(ros_tutorials) by extensions ['ignore', 'ignore_ament_install']
[0.675s] Level 1:colcon.colcon_core.package_identification:_identify(ros_tutorials) by extension 'ignore'
[0.676s] Level 1:colcon.colcon_core.package_identification:_identify(ros_tutorials) by extension 'ignore_ament_install'
[0.676s] Level 1:colcon.colcon_core.package_identification:_identify(ros_tutorials) by extensions ['colcon_pkg']
[0.676s] Level 1:colcon.colcon_core.package_identification:_identify(ros_tutorials) by extension 'colcon_pkg'
[0.676s] Level 1:colcon.colcon_core.package_identification:_identify(ros_tutorials) by extensions ['colcon_meta']
[0.676s] Level 1:colcon.colcon_core.package_identification:_identify(ros_tutorials) by extension 'colcon_meta'
[0.676s] Level 1:colcon.colcon_core.package_identification:_identify(ros_tutorials) by extensions ['ros']
[0.677s] Level 1:colcon.colcon_core.package_identification:_identify(ros_tutorials) by extension 'ros'
[0.677s] Level 1:colcon.colcon_core.package_identification:_identify(ros_tutorials) by extensions ['cmake', 'python']
[0.677s] Level 1:colcon.colcon_core.package_identification:_identify(ros_tutorials) by extension 'cmake'
[0.677s] Level 1:colcon.colcon_core.package_identification:_identify(ros_tutorials) by extension 'python'
[0.677s] Level 1:colcon.colcon_core.package_identification:_identify(ros_tutorials) by extensions ['python_setup_py']
[0.678s] Level 1:colcon.colcon_core.package_identification:_identify(ros_tutorials) by extension 'python_setup_py'
[0.678s] Level 1:colcon.colcon_core.package_identification:_identify(src) by extensions ['ignore', 'ignore_ament_install']
[0.678s] Level 1:colcon.colcon_core.package_identification:_identify(src) by extension 'ignore'
[0.678s] Level 1:colcon.colcon_core.package_identification:_identify(src) by extension 'ignore_ament_install'
[0.679s] Level 1:colcon.colcon_core.package_identification:_identify(src) by extensions ['colcon_pkg']
[0.679s] Level 1:colcon.colcon_core.package_identification:_identify(src) by extension 'colcon_pkg'
[0.679s] Level 1:colcon.colcon_core.package_identification:_identify(src) by extensions ['colcon_meta']
[0.679s] Level 1:colcon.colcon_core.package_identification:_identify(src) by extension 'colcon_meta'
[0.679s] Level 1:colcon.colcon_core.package_identification:_identify(src) by extensions ['ros']
[0.679s] Level 1:colcon.colcon_core.package_identification:_identify(src) by extension 'ros'
[0.680s] Level 1:colcon.colcon_core.package_identification:_identify(src) by extensions ['cmake', 'python']
[0.680s] Level 1:colcon.colcon_core.package_identification:_identify(src) by extension 'cmake'
[0.680s] Level 1:colcon.colcon_core.package_identification:_identify(src) by extension 'python'
[0.680s] Level 1:colcon.colcon_core.package_identification:_identify(src) by extensions ['python_setup_py']
[0.680s] Level 1:colcon.colcon_core.package_identification:_identify(src) by extension 'python_setup_py'
[0.681s] Level 1:colcon.colcon_core.package_identification:_identify(src/bed_messages) by extensions ['ignore', 'ignore_ament_install']
[0.681s] Level 1:colcon.colcon_core.package_identification:_identify(src/bed_messages) by extension 'ignore'
[0.681s] Level 1:colcon.colcon_core.package_identification:_identify(src/bed_messages) by extension 'ignore_ament_install'
[0.682s] Level 1:colcon.colcon_core.package_identification:_identify(src/bed_messages) by extensions ['colcon_pkg']
[0.682s] Level 1:colcon.colcon_core.package_identification:_identify(src/bed_messages) by extension 'colcon_pkg'
[0.682s] Level 1:colcon.colcon_core.package_identification:_identify(src/bed_messages) by extensions ['colcon_meta']
[0.682s] Level 1:colcon.colcon_core.package_identification:_identify(src/bed_messages) by extension 'colcon_meta'
[0.682s] Level 1:colcon.colcon_core.package_identification:_identify(src/bed_messages) by extensions ['ros']
[0.682s] Level 1:colcon.colcon_core.package_identification:_identify(src/bed_messages) by extension 'ros'
[0.691s] DEBUG:colcon.colcon_core.package_identification:Package 'src/bed_messages' with type 'ros.ament_cmake' and name 'bed_messages'
[0.691s] Level 1:colcon.colcon_core.package_identification:_identify(src/build) by extensions ['ignore', 'ignore_ament_install']
[0.692s] Level 1:colcon.colcon_core.package_identification:_identify(src/build) by extension 'ignore'
[0.692s] Level 1:colcon.colcon_core.package_identification:_identify(src/build) ignored
[0.693s] Level 1:colcon.colcon_core.package_identification:_identify(src/install) by extensions ['ignore', 'ignore_ament_install']
[0.693s] Level 1:colcon.colcon_core.package_identification:_identify(src/install) by extension 'ignore'
[0.693s] Level 1:colcon.colcon_core.package_identification:_identify(src/install) ignored
[0.693s] Level 1:colcon.colcon_core.package_identification:_identify(src/linear_actuator) by extensions ['ignore', 'ignore_ament_install']
[0.694s] Level 1:colcon.colcon_core.package_identification:_identify(src/linear_actuator) by extension 'ignore'
[0.694s] Level 1:colcon.colcon_core.package_identification:_identify(src/linear_actuator) by extension 'ignore_ament_install'
[0.694s] Level 1:colcon.colcon_core.package_identification:_identify(src/linear_actuator) by extensions ['colcon_pkg']
[0.694s] Level 1:colcon.colcon_core.package_identification:_identify(src/linear_actuator) by extension 'colcon_pkg'
[0.695s] Level 1:colcon.colcon_core.package_identification:_identify(src/linear_actuator) by extensions ['colcon_meta']
[0.695s] Level 1:colcon.colcon_core.package_identification:_identify(src/linear_actuator) by extension 'colcon_meta'
[0.695s] Level 1:colcon.colcon_core.package_identification:_identify(src/linear_actuator) by extensions ['ros']
[0.695s] Level 1:colcon.colcon_core.package_identification:_identify(src/linear_actuator) by extension 'ros'
[0.697s] DEBUG:colcon.colcon_core.package_identification:Package 'src/linear_actuator' with type 'ros.ament_python' and name 'linear_actuator'
[0.698s] Level 1:colcon.colcon_core.package_identification:_identify(src/log) by extensions ['ignore', 'ignore_ament_install']
[0.698s] Level 1:colcon.colcon_core.package_identification:_identify(src/log) by extension 'ignore'
[0.698s] Level 1:colcon.colcon_core.package_identification:_identify(src/log) ignored
[0.699s] Level 1:colcon.colcon_core.package_identification:_identify(src/power_supply) by extensions ['ignore', 'ignore_ament_install']
[0.699s] Level 1:colcon.colcon_core.package_identification:_identify(src/power_supply) by extension 'ignore'
[0.699s] Level 1:colcon.colcon_core.package_identification:_identify(src/power_supply) by extension 'ignore_ament_install'
[0.699s] Level 1:colcon.colcon_core.package_identification:_identify(src/power_supply) by extensions ['colcon_pkg']
[0.700s] Level 1:colcon.colcon_core.package_identification:_identify(src/power_supply) by extension 'colcon_pkg'
[0.700s] Level 1:colcon.colcon_core.package_identification:_identify(src/power_supply) by extensions ['colcon_meta']
[0.700s] Level 1:colcon.colcon_core.package_identification:_identify(src/power_supply) by extension 'colcon_meta'
[0.700s] Level 1:colcon.colcon_core.package_identification:_identify(src/power_supply) by extensions ['ros']
[0.700s] Level 1:colcon.colcon_core.package_identification:_identify(src/power_supply) by extension 'ros'
[0.702s] DEBUG:colcon.colcon_core.package_identification:Package 'src/power_supply' with type 'ros.ament_python' and name 'power_supply'
[0.703s] Level 1:colcon.colcon_core.package_discovery:discover_packages(recursive) using defaults
[0.703s] Level 1:colcon.colcon_core.package_discovery:discover_packages(ignore) discover
[0.703s] Level 1:colcon.colcon_core.package_discovery:discover_packages(ignore) using defaults
[0.703s] Level 1:colcon.colcon_core.package_discovery:discover_packages(path) discover
[0.703s] Level 1:colcon.colcon_core.package_discovery:discover_packages(path) using defaults
[0.776s] Level 5:colcon.colcon_core.verb:set package 'bed_messages' build argument 'cmake_args' from command line to 'None'
[0.776s] Level 5:colcon.colcon_core.verb:set package 'bed_messages' build argument 'cmake_target' from command line to 'None'
[0.776s] Level 5:colcon.colcon_core.verb:set package 'bed_messages' build argument 'cmake_target_skip_unavailable' from command line to 'False'
[0.776s] Level 5:colcon.colcon_core.verb:set package 'bed_messages' build argument 'cmake_clean_cache' from command line to 'False'
[0.776s] Level 5:colcon.colcon_core.verb:set package 'bed_messages' build argument 'cmake_clean_first' from command line to 'False'
[0.776s] Level 5:colcon.colcon_core.verb:set package 'bed_messages' build argument 'cmake_force_configure' from command line to 'False'
[0.777s] Level 5:colcon.colcon_core.verb:set package 'bed_messages' build argument 'ament_cmake_args' from command line to 'None'
[0.777s] Level 5:colcon.colcon_core.verb:set package 'bed_messages' build argument 'catkin_cmake_args' from command line to 'None'
[0.777s] Level 5:colcon.colcon_core.verb:set package 'bed_messages' build argument 'catkin_skip_building_tests' from command line to 'False'
[0.777s] DEBUG:colcon.colcon_core.verb:Building package 'bed_messages' with the following arguments: {'ament_cmake_args': None, 'build_base': '/home/ubuntu/dev_ws/build/bed_messages', 'catkin_cmake_args': None, 'catkin_skip_building_tests': False, 'cmake_args': None, 'cmake_clean_cache': False, 'cmake_clean_first': False, 'cmake_force_configure': False, 'cmake_target': None, 'cmake_target_skip_unavailable': False, 'install_base': '/home/ubuntu/dev_ws/install/bed_messages', 'merge_install': False, 'path': '/home/ubuntu/dev_ws/src/bed_messages', 'symlink_install': False, 'test_result_base': None}
[0.780s] Level 5:colcon.colcon_core.verb:set package 'linear_actuator' build argument 'cmake_args' from command line to 'None'
[0.780s] Level 5:colcon.colcon_core.verb:set package 'linear_actuator' build argument 'cmake_target' from command line to 'None'
[0.780s] Level 5:colcon.colcon_core.verb:set package 'linear_actuator' build argument 'cmake_target_skip_unavailable' from command line to 'False'
[0.780s] Level 5:colcon.colcon_core.verb:set package 'linear_actuator' build argument 'cmake_clean_cache' from command line to 'False'
[0.780s] Level 5:colcon.colcon_core.verb:set package 'linear_actuator' build argument 'cmake_clean_first' from command line to 'False'
[0.781s] Level 5:colcon.colcon_core.verb:set package 'linear_actuator' build argument 'cmake_force_configure' from command line to 'False'
[0.781s] Level 5:colcon.colcon_core.verb:set package 'linear_actuator' build argument 'ament_cmake_args' from command line to 'None'
[0.781s] Level 5:colcon.colcon_core.verb:set package 'linear_actuator' build argument 'catkin_cmake_args' from command line to 'None'
[0.781s] Level 5:colcon.colcon_core.verb:set package 'linear_actuator' build argument 'catkin_skip_building_tests' from command line to 'False'
[0.781s] DEBUG:colcon.colcon_core.verb:Building package 'linear_actuator' with the following arguments: {'ament_cmake_args': None, 'build_base': '/home/ubuntu/dev_ws/build/linear_actuator', 'catkin_cmake_args': None, 'catkin_skip_building_tests': False, 'cmake_args': None, 'cmake_clean_cache': False, 'cmake_clean_first': False, 'cmake_force_configure': False, 'cmake_target': None, 'cmake_target_skip_unavailable': False, 'install_base': '/home/ubuntu/dev_ws/install/linear_actuator', 'merge_install': False, 'path': '/home/ubuntu/dev_ws/src/linear_actuator', 'symlink_install': False, 'test_result_base': None}
[0.784s] Level 5:colcon.colcon_core.verb:set package 'power_supply' build argument 'cmake_args' from command line to 'None'
[0.784s] Level 5:colcon.colcon_core.verb:set package 'power_supply' build argument 'cmake_target' from command line to 'None'
[0.784s] Level 5:colcon.colcon_core.verb:set package 'power_supply' build argument 'cmake_target_skip_unavailable' from command line to 'False'
[0.784s] Level 5:colcon.colcon_core.verb:set package 'power_supply' build argument 'cmake_clean_cache' from command line to 'False'
[0.784s] Level 5:colcon.colcon_core.verb:set package 'power_supply' build argument 'cmake_clean_first' from command line to 'False'
[0.785s] Level 5:colcon.colcon_core.verb:set package 'power_supply' build argument 'cmake_force_configure' from command line to 'False'
[0.785s] Level 5:colcon.colcon_core.verb:set package 'power_supply' build argument 'ament_cmake_args' from command line to 'None'
[0.785s] Level 5:colcon.colcon_core.verb:set package 'power_supply' build argument 'catkin_cmake_args' from command line to 'None'
[0.785s] Level 5:colcon.colcon_core.verb:set package 'power_supply' build argument 'catkin_skip_building_tests' from command line to 'False'
[0.785s] DEBUG:colcon.colcon_core.verb:Building package 'power_supply' with the following arguments: {'ament_cmake_args': None, 'build_base': '/home/ubuntu/dev_ws/build/power_supply', 'catkin_cmake_args': None, 'catkin_skip_building_tests': False, 'cmake_args': None, 'cmake_clean_cache': False, 'cmake_clean_first': False, 'cmake_force_configure': False, 'cmake_target': None, 'cmake_target_skip_unavailable': False, 'install_base': '/home/ubuntu/dev_ws/install/power_supply', 'merge_install': False, 'path': '/home/ubuntu/dev_ws/src/power_supply', 'symlink_install': False, 'test_result_base': None}
[0.802s] INFO:colcon.colcon_core.executor:Executing jobs using 'parallel' executor
[0.809s] DEBUG:colcon.colcon_parallel_executor.executor.parallel:run_until_complete
[0.810s] INFO:colcon.colcon_ros.task.ament_cmake.build:Building ROS package in '/home/ubuntu/dev_ws/src/bed_messages' with build type 'ament_cmake'
[0.811s] INFO:colcon.colcon_cmake.task.cmake.build:Building CMake package in '/home/ubuntu/dev_ws/src/bed_messages'
[0.816s] ERROR:colcon.colcon_core.event_reactor:Exception in event handler extension 'console_start_end': [Errno 5] Input/output error
Traceback (most recent call last):
  File "/usr/lib/python3/dist-packages/colcon_core/event_reactor.py", line 78, in _notify_observers
    retval = observer(event)
  File "/usr/lib/python3/dist-packages/colcon_core/event_handler/console_start_end.py", line 37, in __call__
    print(
OSError: [Errno 5] Input/output error

[0.830s] INFO:colcon.colcon_core.plugin_system:Skipping extension 'colcon_core.shell.bat': Not used on non-Windows systems
[0.831s] INFO:colcon.colcon_core.shell:Skip shell extension 'powershell' for command environment: Not usable outside of PowerShell
[0.832s] DEBUG:colcon.colcon_core.shell:Skip shell extension 'dsv' for command environment
[0.852s] INFO:colcon.colcon_ros.task.ament_python.build:Building ROS package in '/home/ubuntu/dev_ws/src/linear_actuator' with build type 'ament_python'
[0.854s] Level 1:colcon.colcon_core.shell:create_environment_hook('linear_actuator', 'ament_prefix_path')
[0.857s] INFO:colcon.colcon_core.shell:Creating environment hook '/home/ubuntu/dev_ws/install/linear_actuator/share/linear_actuator/hook/ament_prefix_path.ps1'
[0.857s] ERROR:colcon.colcon_core.event_reactor:Exception in event handler extension 'console_start_end': [Errno 5] Input/output error
Traceback (most recent call last):
  File "/usr/lib/python3/dist-packages/colcon_core/event_reactor.py", line 78, in _notify_observers
    retval = observer(event)
  File "/usr/lib/python3/dist-packages/colcon_core/event_handler/console_start_end.py", line 37, in __call__
    print(
OSError: [Errno 5] Input/output error

[0.862s] INFO:colcon.colcon_core.shell:Creating environment descriptor '/home/ubuntu/dev_ws/install/linear_actuator/share/linear_actuator/hook/ament_prefix_path.dsv'
[0.864s] INFO:colcon.colcon_core.shell:Creating environment hook '/home/ubuntu/dev_ws/install/linear_actuator/share/linear_actuator/hook/ament_prefix_path.sh'
[0.869s] INFO:colcon.colcon_core.shell:Skip shell extension 'powershell' for command environment: Not usable outside of PowerShell
[0.870s] DEBUG:colcon.colcon_core.shell:Skip shell extension 'dsv' for command environment
[0.908s] DEBUG:colcon.colcon_core.event_handler.log_command:Invoking command in '/home/ubuntu/dev_ws/build/bed_messages': CMAKE_PREFIX_PATH=/opt/ros/foxy /usr/bin/cmake --build /home/ubuntu/dev_ws/build/bed_messages -- -j4 -l4
[2.075s] INFO:colcon.colcon_core.task.python.build:Building Python package in '/home/ubuntu/dev_ws/src/linear_actuator'
[2.077s] INFO:colcon.colcon_core.shell:Skip shell extension 'powershell' for command environment: Not usable outside of PowerShell
[2.078s] DEBUG:colcon.colcon_core.shell:Skip shell extension 'dsv' for command environment
[2.132s] DEBUG:colcon.colcon_core.event_handler.log_command:Invoked command in '/home/ubuntu/dev_ws/build/bed_messages' returned '0': CMAKE_PREFIX_PATH=/opt/ros/foxy /usr/bin/cmake --build /home/ubuntu/dev_ws/build/bed_messages -- -j4 -l4
[2.392s] DEBUG:colcon.colcon_core.event_handler.log_command:Invoking command in '/home/ubuntu/dev_ws/build/bed_messages': CMAKE_PREFIX_PATH=/opt/ros/foxy /usr/bin/cmake --install /home/ubuntu/dev_ws/build/bed_messages
[2.654s] Level 1:colcon.colcon_core.environment:create_environment_scripts_only(bed_messages)
[2.663s] DEBUG:colcon.colcon_core.event_handler.log_command:Invoked command in '/home/ubuntu/dev_ws/build/bed_messages' returned '0': CMAKE_PREFIX_PATH=/opt/ros/foxy /usr/bin/cmake --install /home/ubuntu/dev_ws/build/bed_messages
[2.675s] Level 1:colcon.colcon_core.environment:checking '/home/ubuntu/dev_ws/install/bed_messages' for CMake module files
[2.679s] Level 1:colcon.colcon_core.environment:checking '/home/ubuntu/dev_ws/install/bed_messages' for CMake config files
[2.682s] Level 1:colcon.colcon_core.shell:create_environment_hook('bed_messages', 'cmake_prefix_path')
[2.685s] INFO:colcon.colcon_core.shell:Creating environment hook '/home/ubuntu/dev_ws/install/bed_messages/share/bed_messages/hook/cmake_prefix_path.ps1'
[2.687s] INFO:colcon.colcon_core.shell:Creating environment descriptor '/home/ubuntu/dev_ws/install/bed_messages/share/bed_messages/hook/cmake_prefix_path.dsv'
[2.689s] INFO:colcon.colcon_core.shell:Creating environment hook '/home/ubuntu/dev_ws/install/bed_messages/share/bed_messages/hook/cmake_prefix_path.sh'
[2.692s] Level 1:colcon.colcon_core.environment:checking '/home/ubuntu/dev_ws/install/bed_messages/lib'
[2.693s] Level 1:colcon.colcon_core.shell:create_environment_hook('bed_messages', 'ld_library_path_lib')
[2.695s] INFO:colcon.colcon_core.shell:Creating environment hook '/home/ubuntu/dev_ws/install/bed_messages/share/bed_messages/hook/ld_library_path_lib.ps1'
[2.697s] INFO:colcon.colcon_core.shell:Creating environment descriptor '/home/ubuntu/dev_ws/install/bed_messages/share/bed_messages/hook/ld_library_path_lib.dsv'
[2.699s] INFO:colcon.colcon_core.shell:Creating environment hook '/home/ubuntu/dev_ws/install/bed_messages/share/bed_messages/hook/ld_library_path_lib.sh'
[2.701s] Level 1:colcon.colcon_core.environment:checking '/home/ubuntu/dev_ws/install/bed_messages/bin'
[2.702s] Level 1:colcon.colcon_core.environment:checking '/home/ubuntu/dev_ws/install/bed_messages/lib/pkgconfig/bed_messages.pc'
[2.702s] Level 1:colcon.colcon_core.environment:checking '/home/ubuntu/dev_ws/install/bed_messages/lib/python3.8/site-packages'
[2.702s] Level 1:colcon.colcon_core.shell:create_environment_hook('bed_messages', 'pythonpath')
[2.705s] INFO:colcon.colcon_core.shell:Creating environment hook '/home/ubuntu/dev_ws/install/bed_messages/share/bed_messages/hook/pythonpath.ps1'
[2.707s] INFO:colcon.colcon_core.shell:Creating environment descriptor '/home/ubuntu/dev_ws/install/bed_messages/share/bed_messages/hook/pythonpath.dsv'
[2.709s] INFO:colcon.colcon_core.shell:Creating environment hook '/home/ubuntu/dev_ws/install/bed_messages/share/bed_messages/hook/pythonpath.sh'
[2.713s] INFO:colcon.colcon_core.shell:Creating package script '/home/ubuntu/dev_ws/install/bed_messages/share/bed_messages/package.ps1'
[2.717s] INFO:colcon.colcon_core.shell:Creating package descriptor '/home/ubuntu/dev_ws/install/bed_messages/share/bed_messages/package.dsv'
[2.721s] INFO:colcon.colcon_core.shell:Creating package script '/home/ubuntu/dev_ws/install/bed_messages/share/bed_messages/package.sh'
[2.725s] INFO:colcon.colcon_core.shell:Creating package script '/home/ubuntu/dev_ws/install/bed_messages/share/bed_messages/package.bash'
[2.728s] INFO:colcon.colcon_core.shell:Creating package script '/home/ubuntu/dev_ws/install/bed_messages/share/bed_messages/package.zsh'
[2.731s] Level 1:colcon.colcon_core.environment:create_file_with_runtime_dependencies(/home/ubuntu/dev_ws/install/bed_messages/share/colcon-core/packages/bed_messages)
[2.963s] Level 1:colcon.colcon_core.environment:create_environment_scripts_only(bed_messages)
[2.967s] Level 1:colcon.colcon_core.environment:checking '/home/ubuntu/dev_ws/install/bed_messages' for CMake module files
[2.971s] Level 1:colcon.colcon_core.environment:checking '/home/ubuntu/dev_ws/install/bed_messages' for CMake config files
[2.974s] Level 1:colcon.colcon_core.shell:create_environment_hook('bed_messages', 'cmake_prefix_path')
[2.976s] INFO:colcon.colcon_core.shell:Creating environment hook '/home/ubuntu/dev_ws/install/bed_messages/share/bed_messages/hook/cmake_prefix_path.ps1'
[2.978s] INFO:colcon.colcon_core.shell:Creating environment descriptor '/home/ubuntu/dev_ws/install/bed_messages/share/bed_messages/hook/cmake_prefix_path.dsv'
[2.980s] INFO:colcon.colcon_core.shell:Creating environment hook '/home/ubuntu/dev_ws/install/bed_messages/share/bed_messages/hook/cmake_prefix_path.sh'
[2.983s] Level 1:colcon.colcon_core.environment:checking '/home/ubuntu/dev_ws/install/bed_messages/lib'
[2.983s] Level 1:colcon.colcon_core.shell:create_environment_hook('bed_messages', 'ld_library_path_lib')
[2.985s] INFO:colcon.colcon_core.shell:Creating environment hook '/home/ubuntu/dev_ws/install/bed_messages/share/bed_messages/hook/ld_library_path_lib.ps1'
[2.987s] INFO:colcon.colcon_core.shell:Creating environment descriptor '/home/ubuntu/dev_ws/install/bed_messages/share/bed_messages/hook/ld_library_path_lib.dsv'
[2.989s] INFO:colcon.colcon_core.shell:Creating environment hook '/home/ubuntu/dev_ws/install/bed_messages/share/bed_messages/hook/ld_library_path_lib.sh'
[2.991s] Level 1:colcon.colcon_core.environment:checking '/home/ubuntu/dev_ws/install/bed_messages/bin'
[2.991s] Level 1:colcon.colcon_core.environment:checking '/home/ubuntu/dev_ws/install/bed_messages/lib/pkgconfig/bed_messages.pc'
[2.992s] Level 1:colcon.colcon_core.environment:checking '/home/ubuntu/dev_ws/install/bed_messages/lib/python3.8/site-packages'
[2.992s] Level 1:colcon.colcon_core.shell:create_environment_hook('bed_messages', 'pythonpath')
[2.994s] INFO:colcon.colcon_core.shell:Creating environment hook '/home/ubuntu/dev_ws/install/bed_messages/share/bed_messages/hook/pythonpath.ps1'
[2.996s] INFO:colcon.colcon_core.shell:Creating environment descriptor '/home/ubuntu/dev_ws/install/bed_messages/share/bed_messages/hook/pythonpath.dsv'
[2.998s] INFO:colcon.colcon_core.shell:Creating environment hook '/home/ubuntu/dev_ws/install/bed_messages/share/bed_messages/hook/pythonpath.sh'
[3.002s] INFO:colcon.colcon_core.shell:Creating package script '/home/ubuntu/dev_ws/install/bed_messages/share/bed_messages/package.ps1'
[3.005s] INFO:colcon.colcon_core.shell:Creating package descriptor '/home/ubuntu/dev_ws/install/bed_messages/share/bed_messages/package.dsv'
[3.008s] INFO:colcon.colcon_core.shell:Creating package script '/home/ubuntu/dev_ws/install/bed_messages/share/bed_messages/package.sh'
[3.010s] INFO:colcon.colcon_core.shell:Creating package script '/home/ubuntu/dev_ws/install/bed_messages/share/bed_messages/package.bash'
[3.012s] INFO:colcon.colcon_core.shell:Creating package script '/home/ubuntu/dev_ws/install/bed_messages/share/bed_messages/package.zsh'
[3.015s] Level 1:colcon.colcon_core.environment:create_file_with_runtime_dependencies(/home/ubuntu/dev_ws/install/bed_messages/share/colcon-core/packages/bed_messages)
[3.017s] INFO:colcon.colcon_ros.task.ament_python.build:Building ROS package in '/home/ubuntu/dev_ws/src/power_supply' with build type 'ament_python'
[3.017s] Level 1:colcon.colcon_core.shell:create_environment_hook('power_supply', 'ament_prefix_path')
[3.020s] INFO:colcon.colcon_core.shell:Creating environment hook '/home/ubuntu/dev_ws/install/power_supply/share/power_supply/hook/ament_prefix_path.ps1'
[3.021s] ERROR:colcon.colcon_core.event_reactor:Exception in event handler extension 'console_start_end': 'bed_messages'
Traceback (most recent call last):
  File "/usr/lib/python3/dist-packages/colcon_core/event_reactor.py", line 78, in _notify_observers
    retval = observer(event)
  File "/usr/lib/python3/dist-packages/colcon_core/event_handler/console_start_end.py", line 48, in __call__
    time.monotonic() - self._start_times[data.identifier]
KeyError: 'bed_messages'

[3.024s] INFO:colcon.colcon_core.shell:Creating environment descriptor '/home/ubuntu/dev_ws/install/power_supply/share/power_supply/hook/ament_prefix_path.dsv'
[3.025s] ERROR:colcon.colcon_core.event_reactor:Exception in event handler extension 'console_start_end': [Errno 5] Input/output error
Traceback (most recent call last):
  File "/usr/lib/python3/dist-packages/colcon_core/event_reactor.py", line 78, in _notify_observers
    retval = observer(event)
  File "/usr/lib/python3/dist-packages/colcon_core/event_handler/console_start_end.py", line 37, in __call__
    print(
OSError: [Errno 5] Input/output error

[3.027s] INFO:colcon.colcon_core.shell:Creating environment hook '/home/ubuntu/dev_ws/install/power_supply/share/power_supply/hook/ament_prefix_path.sh'
[3.031s] INFO:colcon.colcon_core.shell:Skip shell extension 'powershell' for command environment: Not usable outside of PowerShell
[3.031s] DEBUG:colcon.colcon_core.shell:Skip shell extension 'dsv' for command environment
[4.255s] INFO:colcon.colcon_core.task.python.build:Building Python package in '/home/ubuntu/dev_ws/src/power_supply'
[4.258s] INFO:colcon.colcon_core.shell:Skip shell extension 'powershell' for command environment: Not usable outside of PowerShell
[4.258s] DEBUG:colcon.colcon_core.shell:Skip shell extension 'dsv' for command environment
[4.293s] DEBUG:colcon.colcon_core.event_handler.log_command:Invoking command in '/home/ubuntu/dev_ws/src/linear_actuator': PYTHONPATH=/home/ubuntu/dev_ws/install/linear_actuator/lib/python3.8/site-packages:${PYTHONPATH} /usr/bin/python3 setup.py egg_info --egg-base ../../build/linear_actuator build --build-base /home/ubuntu/dev_ws/build/linear_actuator/build install --prefix /home/ubuntu/dev_ws/install/linear_actuator --record /home/ubuntu/dev_ws/build/linear_actuator/install.log --single-version-externally-managed
[5.790s] Level 1:colcon.colcon_core.environment:checking '/home/ubuntu/dev_ws/install/linear_actuator' for CMake module files
[5.793s] DEBUG:colcon.colcon_core.event_handler.log_command:Invoked command in '/home/ubuntu/dev_ws/src/linear_actuator' returned '0': PYTHONPATH=/home/ubuntu/dev_ws/install/linear_actuator/lib/python3.8/site-packages:${PYTHONPATH} /usr/bin/python3 setup.py egg_info --egg-base ../../build/linear_actuator build --build-base /home/ubuntu/dev_ws/build/linear_actuator/build install --prefix /home/ubuntu/dev_ws/install/linear_actuator --record /home/ubuntu/dev_ws/build/linear_actuator/install.log --single-version-externally-managed
[5.795s] Level 1:colcon.colcon_core.environment:checking '/home/ubuntu/dev_ws/install/linear_actuator' for CMake config files
[5.799s] Level 1:colcon.colcon_core.environment:checking '/home/ubuntu/dev_ws/install/linear_actuator/lib'
[5.800s] Level 1:colcon.colcon_core.environment:checking '/home/ubuntu/dev_ws/install/linear_actuator/bin'
[5.801s] Level 1:colcon.colcon_core.environment:checking '/home/ubuntu/dev_ws/install/linear_actuator/lib/pkgconfig/linear_actuator.pc'
[5.801s] Level 1:colcon.colcon_core.environment:checking '/home/ubuntu/dev_ws/install/linear_actuator/lib/python3.8/site-packages'
[5.801s] Level 1:colcon.colcon_core.shell:create_environment_hook('linear_actuator', 'pythonpath')
[5.804s] INFO:colcon.colcon_core.shell:Creating environment hook '/home/ubuntu/dev_ws/install/linear_actuator/share/linear_actuator/hook/pythonpath.ps1'
[5.807s] INFO:colcon.colcon_core.shell:Creating environment descriptor '/home/ubuntu/dev_ws/install/linear_actuator/share/linear_actuator/hook/pythonpath.dsv'
[5.809s] INFO:colcon.colcon_core.shell:Creating environment hook '/home/ubuntu/dev_ws/install/linear_actuator/share/linear_actuator/hook/pythonpath.sh'
[5.812s] Level 1:colcon.colcon_core.environment:create_environment_scripts_only(linear_actuator)
[5.815s] INFO:colcon.colcon_core.shell:Creating package script '/home/ubuntu/dev_ws/install/linear_actuator/share/linear_actuator/package.ps1'
[5.818s] INFO:colcon.colcon_core.shell:Creating package descriptor '/home/ubuntu/dev_ws/install/linear_actuator/share/linear_actuator/package.dsv'
[5.823s] INFO:colcon.colcon_core.shell:Creating package script '/home/ubuntu/dev_ws/install/linear_actuator/share/linear_actuator/package.sh'
[5.826s] INFO:colcon.colcon_core.shell:Creating package script '/home/ubuntu/dev_ws/install/linear_actuator/share/linear_actuator/package.bash'
[5.828s] INFO:colcon.colcon_core.shell:Creating package script '/home/ubuntu/dev_ws/install/linear_actuator/share/linear_actuator/package.zsh'
[5.831s] Level 1:colcon.colcon_core.environment:create_file_with_runtime_dependencies(/home/ubuntu/dev_ws/install/linear_actuator/share/colcon-core/packages/linear_actuator)
[5.834s] ERROR:colcon.colcon_core.event_reactor:Exception in event handler extension 'console_start_end': 'linear_actuator'
Traceback (most recent call last):
  File "/usr/lib/python3/dist-packages/colcon_core/event_reactor.py", line 78, in _notify_observers
    retval = observer(event)
  File "/usr/lib/python3/dist-packages/colcon_core/event_handler/console_start_end.py", line 48, in __call__
    time.monotonic() - self._start_times[data.identifier]
KeyError: 'linear_actuator'

[6.428s] DEBUG:colcon.colcon_core.event_handler.log_command:Invoking command in '/home/ubuntu/dev_ws/src/power_supply': AMENT_PREFIX_PATH=/home/ubuntu/dev_ws/install/bed_messages:${AMENT_PREFIX_PATH} CMAKE_PREFIX_PATH=/home/ubuntu/dev_ws/install/bed_messages LD_LIBRARY_PATH=/home/ubuntu/dev_ws/install/bed_messages/lib:${LD_LIBRARY_PATH} PYTHONPATH=/home/ubuntu/dev_ws/install/power_supply/lib/python3.8/site-packages:/home/ubuntu/dev_ws/install/bed_messages/lib/python3.8/site-packages:${PYTHONPATH} /usr/bin/python3 setup.py egg_info --egg-base ../../build/power_supply build --build-base /home/ubuntu/dev_ws/build/power_supply/build install --prefix /home/ubuntu/dev_ws/install/power_supply --record /home/ubuntu/dev_ws/build/power_supply/install.log --single-version-externally-managed
[7.739s] Level 1:colcon.colcon_core.environment:checking '/home/ubuntu/dev_ws/install/power_supply' for CMake module files
[7.741s] DEBUG:colcon.colcon_core.event_handler.log_command:Invoked command in '/home/ubuntu/dev_ws/src/power_supply' returned '0': AMENT_PREFIX_PATH=/home/ubuntu/dev_ws/install/bed_messages:${AMENT_PREFIX_PATH} CMAKE_PREFIX_PATH=/home/ubuntu/dev_ws/install/bed_messages LD_LIBRARY_PATH=/home/ubuntu/dev_ws/install/bed_messages/lib:${LD_LIBRARY_PATH} PYTHONPATH=/home/ubuntu/dev_ws/install/power_supply/lib/python3.8/site-packages:/home/ubuntu/dev_ws/install/bed_messages/lib/python3.8/site-packages:${PYTHONPATH} /usr/bin/python3 setup.py egg_info --egg-base ../../build/power_supply build --build-base /home/ubuntu/dev_ws/build/power_supply/build install --prefix /home/ubuntu/dev_ws/install/power_supply --record /home/ubuntu/dev_ws/build/power_supply/install.log --single-version-externally-managed
[7.743s] Level 1:colcon.colcon_core.environment:checking '/home/ubuntu/dev_ws/install/power_supply' for CMake config files
[7.746s] Level 1:colcon.colcon_core.environment:checking '/home/ubuntu/dev_ws/install/power_supply/lib'
[7.746s] Level 1:colcon.colcon_core.environment:checking '/home/ubuntu/dev_ws/install/power_supply/bin'
[7.747s] Level 1:colcon.colcon_core.environment:checking '/home/ubuntu/dev_ws/install/power_supply/lib/pkgconfig/power_supply.pc'
[7.747s] Level 1:colcon.colcon_core.environment:checking '/home/ubuntu/dev_ws/install/power_supply/lib/python3.8/site-packages'
[7.747s] Level 1:colcon.colcon_core.shell:create_environment_hook('power_supply', 'pythonpath')
[7.749s] INFO:colcon.colcon_core.shell:Creating environment hook '/home/ubuntu/dev_ws/install/power_supply/share/power_supply/hook/pythonpath.ps1'
[7.751s] INFO:colcon.colcon_core.shell:Creating environment descriptor '/home/ubuntu/dev_ws/install/power_supply/share/power_supply/hook/pythonpath.dsv'
[7.753s] INFO:colcon.colcon_core.shell:Creating environment hook '/home/ubuntu/dev_ws/install/power_supply/share/power_supply/hook/pythonpath.sh'
[7.755s] Level 1:colcon.colcon_core.environment:create_environment_scripts_only(power_supply)
[7.758s] INFO:colcon.colcon_core.shell:Creating package script '/home/ubuntu/dev_ws/install/power_supply/share/power_supply/package.ps1'
[7.760s] INFO:colcon.colcon_core.shell:Creating package descriptor '/home/ubuntu/dev_ws/install/power_supply/share/power_supply/package.dsv'
[7.762s] INFO:colcon.colcon_core.shell:Creating package script '/home/ubuntu/dev_ws/install/power_supply/share/power_supply/package.sh'
[7.764s] INFO:colcon.colcon_core.shell:Creating package script '/home/ubuntu/dev_ws/install/power_supply/share/power_supply/package.bash'
[7.766s] INFO:colcon.colcon_core.shell:Creating package script '/home/ubuntu/dev_ws/install/power_supply/share/power_supply/package.zsh'
[7.767s] Level 1:colcon.colcon_core.environment:create_file_with_runtime_dependencies(/home/ubuntu/dev_ws/install/power_supply/share/colcon-core/packages/power_supply)
[7.769s] DEBUG:colcon.colcon_parallel_executor.executor.parallel:closing loop
[7.769s] DEBUG:colcon.colcon_parallel_executor.executor.parallel:loop closed
[7.770s] DEBUG:colcon.colcon_parallel_executor.executor.parallel:run_until_complete finished with '0'
[7.770s] DEBUG:colcon.colcon_core.event_reactor:joining thread
[7.770s] ERROR:colcon.colcon_core.event_reactor:Exception in event handler extension 'console_start_end': 'power_supply'
Traceback (most recent call last):
  File "/usr/lib/python3/dist-packages/colcon_core/event_reactor.py", line 78, in _notify_observers
    retval = observer(event)
  File "/usr/lib/python3/dist-packages/colcon_core/event_handler/console_start_end.py", line 48, in __call__
    time.monotonic() - self._start_times[data.identifier]
KeyError: 'power_supply'

[7.793s] INFO:colcon.colcon_core.plugin_system:Skipping extension 'colcon_notification.desktop_notification.notify_send': Could not find 'notify-send'
[7.793s] INFO:colcon.colcon_core.plugin_system:Skipping extension 'colcon_notification.desktop_notification.terminal_notifier': Not used on non-Darwin systems
[7.793s] INFO:colcon.colcon_core.plugin_system:Skipping extension 'colcon_notification.desktop_notification.win32': Not used on non-Windows systems
[7.794s] INFO:colcon.colcon_notification.desktop_notification:Sending desktop notification using 'notify2'
[7.794s] DEBUG:colcon.colcon_notification.desktop_notification.notify2:Failed to initialize notify2: org.freedesktop.DBus.Error.NotSupported: Unable to autolaunch a dbus-daemon without a $DISPLAY for X11
[7.794s] DEBUG:colcon.colcon_core.event_reactor:joined thread
[7.796s] INFO:colcon.colcon_core.shell:Creating prefix script '/home/ubuntu/dev_ws/install/local_setup.ps1'
[7.800s] INFO:colcon.colcon_core.shell:Creating prefix util module '/home/ubuntu/dev_ws/install/_local_setup_util_ps1.py'
[7.806s] INFO:colcon.colcon_core.shell:Creating prefix chain script '/home/ubuntu/dev_ws/install/setup.ps1'
[7.810s] INFO:colcon.colcon_core.shell:Creating prefix script '/home/ubuntu/dev_ws/install/local_setup.sh'
[7.813s] INFO:colcon.colcon_core.shell:Creating prefix util module '/home/ubuntu/dev_ws/install/_local_setup_util_sh.py'
[7.815s] INFO:colcon.colcon_core.shell:Creating prefix chain script '/home/ubuntu/dev_ws/install/setup.sh'
[7.820s] INFO:colcon.colcon_core.shell:Creating prefix script '/home/ubuntu/dev_ws/install/local_setup.bash'
[7.822s] INFO:colcon.colcon_core.shell:Creating prefix chain script '/home/ubuntu/dev_ws/install/setup.bash'
[7.826s] INFO:colcon.colcon_core.shell:Creating prefix script '/home/ubuntu/dev_ws/install/local_setup.zsh'
[7.828s] INFO:colcon.colcon_core.shell:Creating prefix chain script '/home/ubuntu/dev_ws/install/setup.zsh'
