[0.570s] DEBUG:colcon:Command line arguments: ['/usr/bin/colcon', 'build']
[0.571s] DEBUG:colcon:Parsed command line arguments: Namespace(allow_overriding=[], ament_cmake_args=None, base_paths=['.'], build_base='build', catkin_cmake_args=None, catkin_skip_building_tests=False, cmake_args=None, cmake_clean_cache=False, cmake_clean_first=False, cmake_force_configure=False, cmake_target=None, cmake_target_skip_unavailable=False, continue_on_error=False, event_handlers=None, executor='parallel', ignore_user_meta=False, install_base='install', log_base=None, log_level=None, main=<bound method BuildVerb.main of <colcon_core.verb.build.BuildVerb object at 0xffffb5a15bb0>>, merge_install=False, metas=['./colcon.meta'], packages_above=None, packages_above_and_dependencies=None, packages_above_depth=None, packages_end=None, packages_ignore=None, packages_ignore_regex=None, packages_select=None, packages_select_build_failed=False, packages_select_by_dep=None, packages_select_regex=None, packages_select_test_failures=False, packages_skip=None, packages_skip_build_finished=False, packages_skip_by_dep=None, packages_skip_regex=None, packages_skip_test_passed=False, packages_skip_up_to=None, packages_start=None, packages_up_to=None, packages_up_to_regex=None, parallel_workers=4, paths=None, symlink_install=False, test_result_base=None, verb_extension=<colcon_core.verb.build.BuildVerb object at 0xffffb5a15bb0>, verb_name='build', verb_parser=<colcon_defaults.argument_parser.defaults.DefaultArgumentsDecorator object at 0xffffb5a1e160>)
[0.590s] Level 1:colcon.colcon_core.package_discovery:discover_packages(colcon_meta) check parameters
[0.590s] Level 1:colcon.colcon_core.package_discovery:discover_packages(recursive) check parameters
[0.591s] Level 1:colcon.colcon_core.package_discovery:discover_packages(ignore) check parameters
[0.591s] Level 1:colcon.colcon_core.package_discovery:discover_packages(path) check parameters
[0.591s] Level 1:colcon.colcon_core.package_discovery:discover_packages(colcon_meta) discover
[0.591s] Level 1:colcon.colcon_core.package_discovery:discover_packages(recursive) discover
[0.591s] INFO:colcon.colcon_core.package_discovery:Crawling recursively for packages in '/home/ubuntu/dev_ws'
[0.592s] Level 1:colcon.colcon_core.package_identification:_identify(.) by extensions ['ignore', 'ignore_ament_install']
[0.592s] Level 1:colcon.colcon_core.package_identification:_identify(.) by extension 'ignore'
[0.592s] Level 1:colcon.colcon_core.package_identification:_identify(.) by extension 'ignore_ament_install'
[0.592s] Level 1:colcon.colcon_core.package_identification:_identify(.) by extensions ['colcon_pkg']
[0.593s] Level 1:colcon.colcon_core.package_identification:_identify(.) by extension 'colcon_pkg'
[0.593s] Level 1:colcon.colcon_core.package_identification:_identify(.) by extensions ['colcon_meta']
[0.593s] Level 1:colcon.colcon_core.package_identification:_identify(.) by extension 'colcon_meta'
[0.593s] Level 1:colcon.colcon_core.package_identification:_identify(.) by extensions ['ros']
[0.593s] Level 1:colcon.colcon_core.package_identification:_identify(.) by extension 'ros'
[0.641s] Level 1:colcon.colcon_core.package_identification:_identify(.) by extensions ['cmake', 'python']
[0.641s] Level 1:colcon.colcon_core.package_identification:_identify(.) by extension 'cmake'
[0.641s] Level 1:colcon.colcon_core.package_identification:_identify(.) by extension 'python'
[0.642s] Level 1:colcon.colcon_core.package_identification:_identify(.) by extensions ['python_setup_py']
[0.642s] Level 1:colcon.colcon_core.package_identification:_identify(.) by extension 'python_setup_py'
[0.642s] Level 1:colcon.colcon_core.package_identification:_identify(build) by extensions ['ignore', 'ignore_ament_install']
[0.643s] Level 1:colcon.colcon_core.package_identification:_identify(build) by extension 'ignore'
[0.643s] Level 1:colcon.colcon_core.package_identification:_identify(build) ignored
[0.644s] Level 1:colcon.colcon_core.package_identification:_identify(install) by extensions ['ignore', 'ignore_ament_install']
[0.644s] Level 1:colcon.colcon_core.package_identification:_identify(install) by extension 'ignore'
[0.644s] Level 1:colcon.colcon_core.package_identification:_identify(install) ignored
[0.645s] Level 1:colcon.colcon_core.package_identification:_identify(log) by extensions ['ignore', 'ignore_ament_install']
[0.646s] Level 1:colcon.colcon_core.package_identification:_identify(log) by extension 'ignore'
[0.646s] Level 1:colcon.colcon_core.package_identification:_identify(log) ignored
[0.646s] Level 1:colcon.colcon_core.package_identification:_identify(ros_tutorials) by extensions ['ignore', 'ignore_ament_install']
[0.647s] Level 1:colcon.colcon_core.package_identification:_identify(ros_tutorials) by extension 'ignore'
[0.647s] Level 1:colcon.colcon_core.package_identification:_identify(ros_tutorials) by extension 'ignore_ament_install'
[0.647s] Level 1:colcon.colcon_core.package_identification:_identify(ros_tutorials) by extensions ['colcon_pkg']
[0.647s] Level 1:colcon.colcon_core.package_identification:_identify(ros_tutorials) by extension 'colcon_pkg'
[0.647s] Level 1:colcon.colcon_core.package_identification:_identify(ros_tutorials) by extensions ['colcon_meta']
[0.648s] Level 1:colcon.colcon_core.package_identification:_identify(ros_tutorials) by extension 'colcon_meta'
[0.648s] Level 1:colcon.colcon_core.package_identification:_identify(ros_tutorials) by extensions ['ros']
[0.648s] Level 1:colcon.colcon_core.package_identification:_identify(ros_tutorials) by extension 'ros'
[0.648s] Level 1:colcon.colcon_core.package_identification:_identify(ros_tutorials) by extensions ['cmake', 'python']
[0.648s] Level 1:colcon.colcon_core.package_identification:_identify(ros_tutorials) by extension 'cmake'
[0.649s] Level 1:colcon.colcon_core.package_identification:_identify(ros_tutorials) by extension 'python'
[0.649s] Level 1:colcon.colcon_core.package_identification:_identify(ros_tutorials) by extensions ['python_setup_py']
[0.649s] Level 1:colcon.colcon_core.package_identification:_identify(ros_tutorials) by extension 'python_setup_py'
[0.649s] Level 1:colcon.colcon_core.package_identification:_identify(src) by extensions ['ignore', 'ignore_ament_install']
[0.650s] Level 1:colcon.colcon_core.package_identification:_identify(src) by extension 'ignore'
[0.650s] Level 1:colcon.colcon_core.package_identification:_identify(src) by extension 'ignore_ament_install'
[0.650s] Level 1:colcon.colcon_core.package_identification:_identify(src) by extensions ['colcon_pkg']
[0.650s] Level 1:colcon.colcon_core.package_identification:_identify(src) by extension 'colcon_pkg'
[0.650s] Level 1:colcon.colcon_core.package_identification:_identify(src) by extensions ['colcon_meta']
[0.650s] Level 1:colcon.colcon_core.package_identification:_identify(src) by extension 'colcon_meta'
[0.651s] Level 1:colcon.colcon_core.package_identification:_identify(src) by extensions ['ros']
[0.651s] Level 1:colcon.colcon_core.package_identification:_identify(src) by extension 'ros'
[0.651s] Level 1:colcon.colcon_core.package_identification:_identify(src) by extensions ['cmake', 'python']
[0.651s] Level 1:colcon.colcon_core.package_identification:_identify(src) by extension 'cmake'
[0.651s] Level 1:colcon.colcon_core.package_identification:_identify(src) by extension 'python'
[0.652s] Level 1:colcon.colcon_core.package_identification:_identify(src) by extensions ['python_setup_py']
[0.652s] Level 1:colcon.colcon_core.package_identification:_identify(src) by extension 'python_setup_py'
[0.652s] Level 1:colcon.colcon_core.package_identification:_identify(src/bed_messages) by extensions ['ignore', 'ignore_ament_install']
[0.652s] Level 1:colcon.colcon_core.package_identification:_identify(src/bed_messages) by extension 'ignore'
[0.653s] Level 1:colcon.colcon_core.package_identification:_identify(src/bed_messages) by extension 'ignore_ament_install'
[0.653s] Level 1:colcon.colcon_core.package_identification:_identify(src/bed_messages) by extensions ['colcon_pkg']
[0.653s] Level 1:colcon.colcon_core.package_identification:_identify(src/bed_messages) by extension 'colcon_pkg'
[0.653s] Level 1:colcon.colcon_core.package_identification:_identify(src/bed_messages) by extensions ['colcon_meta']
[0.653s] Level 1:colcon.colcon_core.package_identification:_identify(src/bed_messages) by extension 'colcon_meta'
[0.654s] Level 1:colcon.colcon_core.package_identification:_identify(src/bed_messages) by extensions ['ros']
[0.654s] Level 1:colcon.colcon_core.package_identification:_identify(src/bed_messages) by extension 'ros'
[0.662s] DEBUG:colcon.colcon_core.package_identification:Package 'src/bed_messages' with type 'ros.ament_cmake' and name 'bed_messages'
[0.663s] Level 1:colcon.colcon_core.package_identification:_identify(src/build) by extensions ['ignore', 'ignore_ament_install']
[0.663s] Level 1:colcon.colcon_core.package_identification:_identify(src/build) by extension 'ignore'
[0.663s] Level 1:colcon.colcon_core.package_identification:_identify(src/build) ignored
[0.664s] Level 1:colcon.colcon_core.package_identification:_identify(src/install) by extensions ['ignore', 'ignore_ament_install']
[0.664s] Level 1:colcon.colcon_core.package_identification:_identify(src/install) by extension 'ignore'
[0.664s] Level 1:colcon.colcon_core.package_identification:_identify(src/install) ignored
[0.665s] Level 1:colcon.colcon_core.package_identification:_identify(src/linear_actuator) by extensions ['ignore', 'ignore_ament_install']
[0.665s] Level 1:colcon.colcon_core.package_identification:_identify(src/linear_actuator) by extension 'ignore'
[0.665s] Level 1:colcon.colcon_core.package_identification:_identify(src/linear_actuator) by extension 'ignore_ament_install'
[0.665s] Level 1:colcon.colcon_core.package_identification:_identify(src/linear_actuator) by extensions ['colcon_pkg']
[0.665s] Level 1:colcon.colcon_core.package_identification:_identify(src/linear_actuator) by extension 'colcon_pkg'
[0.666s] Level 1:colcon.colcon_core.package_identification:_identify(src/linear_actuator) by extensions ['colcon_meta']
[0.666s] Level 1:colcon.colcon_core.package_identification:_identify(src/linear_actuator) by extension 'colcon_meta'
[0.666s] Level 1:colcon.colcon_core.package_identification:_identify(src/linear_actuator) by extensions ['ros']
[0.666s] Level 1:colcon.colcon_core.package_identification:_identify(src/linear_actuator) by extension 'ros'
[0.668s] DEBUG:colcon.colcon_core.package_identification:Package 'src/linear_actuator' with type 'ros.ament_python' and name 'linear_actuator'
[0.669s] Level 1:colcon.colcon_core.package_identification:_identify(src/log) by extensions ['ignore', 'ignore_ament_install']
[0.669s] Level 1:colcon.colcon_core.package_identification:_identify(src/log) by extension 'ignore'
[0.669s] Level 1:colcon.colcon_core.package_identification:_identify(src/log) ignored
[0.670s] Level 1:colcon.colcon_core.package_identification:_identify(src/power_supply) by extensions ['ignore', 'ignore_ament_install']
[0.670s] Level 1:colcon.colcon_core.package_identification:_identify(src/power_supply) by extension 'ignore'
[0.670s] Level 1:colcon.colcon_core.package_identification:_identify(src/power_supply) by extension 'ignore_ament_install'
[0.671s] Level 1:colcon.colcon_core.package_identification:_identify(src/power_supply) by extensions ['colcon_pkg']
[0.671s] Level 1:colcon.colcon_core.package_identification:_identify(src/power_supply) by extension 'colcon_pkg'
[0.671s] Level 1:colcon.colcon_core.package_identification:_identify(src/power_supply) by extensions ['colcon_meta']
[0.671s] Level 1:colcon.colcon_core.package_identification:_identify(src/power_supply) by extension 'colcon_meta'
[0.671s] Level 1:colcon.colcon_core.package_identification:_identify(src/power_supply) by extensions ['ros']
[0.671s] Level 1:colcon.colcon_core.package_identification:_identify(src/power_supply) by extension 'ros'
[0.674s] DEBUG:colcon.colcon_core.package_identification:Package 'src/power_supply' with type 'ros.ament_python' and name 'power_supply'
[0.674s] Level 1:colcon.colcon_core.package_discovery:discover_packages(recursive) using defaults
[0.674s] Level 1:colcon.colcon_core.package_discovery:discover_packages(ignore) discover
[0.674s] Level 1:colcon.colcon_core.package_discovery:discover_packages(ignore) using defaults
[0.674s] Level 1:colcon.colcon_core.package_discovery:discover_packages(path) discover
[0.674s] Level 1:colcon.colcon_core.package_discovery:discover_packages(path) using defaults
[0.745s] Level 5:colcon.colcon_core.verb:set package 'bed_messages' build argument 'cmake_args' from command line to 'None'
[0.746s] Level 5:colcon.colcon_core.verb:set package 'bed_messages' build argument 'cmake_target' from command line to 'None'
[0.746s] Level 5:colcon.colcon_core.verb:set package 'bed_messages' build argument 'cmake_target_skip_unavailable' from command line to 'False'
[0.746s] Level 5:colcon.colcon_core.verb:set package 'bed_messages' build argument 'cmake_clean_cache' from command line to 'False'
[0.746s] Level 5:colcon.colcon_core.verb:set package 'bed_messages' build argument 'cmake_clean_first' from command line to 'False'
[0.746s] Level 5:colcon.colcon_core.verb:set package 'bed_messages' build argument 'cmake_force_configure' from command line to 'False'
[0.746s] Level 5:colcon.colcon_core.verb:set package 'bed_messages' build argument 'ament_cmake_args' from command line to 'None'
[0.747s] Level 5:colcon.colcon_core.verb:set package 'bed_messages' build argument 'catkin_cmake_args' from command line to 'None'
[0.747s] Level 5:colcon.colcon_core.verb:set package 'bed_messages' build argument 'catkin_skip_building_tests' from command line to 'False'
[0.747s] DEBUG:colcon.colcon_core.verb:Building package 'bed_messages' with the following arguments: {'ament_cmake_args': None, 'build_base': '/home/ubuntu/dev_ws/build/bed_messages', 'catkin_cmake_args': None, 'catkin_skip_building_tests': False, 'cmake_args': None, 'cmake_clean_cache': False, 'cmake_clean_first': False, 'cmake_force_configure': False, 'cmake_target': None, 'cmake_target_skip_unavailable': False, 'install_base': '/home/ubuntu/dev_ws/install/bed_messages', 'merge_install': False, 'path': '/home/ubuntu/dev_ws/src/bed_messages', 'symlink_install': False, 'test_result_base': None}
[0.749s] Level 5:colcon.colcon_core.verb:set package 'linear_actuator' build argument 'cmake_args' from command line to 'None'
[0.750s] Level 5:colcon.colcon_core.verb:set package 'linear_actuator' build argument 'cmake_target' from command line to 'None'
[0.750s] Level 5:colcon.colcon_core.verb:set package 'linear_actuator' build argument 'cmake_target_skip_unavailable' from command line to 'False'
[0.750s] Level 5:colcon.colcon_core.verb:set package 'linear_actuator' build argument 'cmake_clean_cache' from command line to 'False'
[0.750s] Level 5:colcon.colcon_core.verb:set package 'linear_actuator' build argument 'cmake_clean_first' from command line to 'False'
[0.750s] Level 5:colcon.colcon_core.verb:set package 'linear_actuator' build argument 'cmake_force_configure' from command line to 'False'
[0.750s] Level 5:colcon.colcon_core.verb:set package 'linear_actuator' build argument 'ament_cmake_args' from command line to 'None'
[0.750s] Level 5:colcon.colcon_core.verb:set package 'linear_actuator' build argument 'catkin_cmake_args' from command line to 'None'
[0.751s] Level 5:colcon.colcon_core.verb:set package 'linear_actuator' build argument 'catkin_skip_building_tests' from command line to 'False'
[0.751s] DEBUG:colcon.colcon_core.verb:Building package 'linear_actuator' with the following arguments: {'ament_cmake_args': None, 'build_base': '/home/ubuntu/dev_ws/build/linear_actuator', 'catkin_cmake_args': None, 'catkin_skip_building_tests': False, 'cmake_args': None, 'cmake_clean_cache': False, 'cmake_clean_first': False, 'cmake_force_configure': False, 'cmake_target': None, 'cmake_target_skip_unavailable': False, 'install_base': '/home/ubuntu/dev_ws/install/linear_actuator', 'merge_install': False, 'path': '/home/ubuntu/dev_ws/src/linear_actuator', 'symlink_install': False, 'test_result_base': None}
[0.753s] Level 5:colcon.colcon_core.verb:set package 'power_supply' build argument 'cmake_args' from command line to 'None'
[0.753s] Level 5:colcon.colcon_core.verb:set package 'power_supply' build argument 'cmake_target' from command line to 'None'
[0.754s] Level 5:colcon.colcon_core.verb:set package 'power_supply' build argument 'cmake_target_skip_unavailable' from command line to 'False'
[0.754s] Level 5:colcon.colcon_core.verb:set package 'power_supply' build argument 'cmake_clean_cache' from command line to 'False'
[0.754s] Level 5:colcon.colcon_core.verb:set package 'power_supply' build argument 'cmake_clean_first' from command line to 'False'
[0.754s] Level 5:colcon.colcon_core.verb:set package 'power_supply' build argument 'cmake_force_configure' from command line to 'False'
[0.754s] Level 5:colcon.colcon_core.verb:set package 'power_supply' build argument 'ament_cmake_args' from command line to 'None'
[0.754s] Level 5:colcon.colcon_core.verb:set package 'power_supply' build argument 'catkin_cmake_args' from command line to 'None'
[0.754s] Level 5:colcon.colcon_core.verb:set package 'power_supply' build argument 'catkin_skip_building_tests' from command line to 'False'
[0.755s] DEBUG:colcon.colcon_core.verb:Building package 'power_supply' with the following arguments: {'ament_cmake_args': None, 'build_base': '/home/ubuntu/dev_ws/build/power_supply', 'catkin_cmake_args': None, 'catkin_skip_building_tests': False, 'cmake_args': None, 'cmake_clean_cache': False, 'cmake_clean_first': False, 'cmake_force_configure': False, 'cmake_target': None, 'cmake_target_skip_unavailable': False, 'install_base': '/home/ubuntu/dev_ws/install/power_supply', 'merge_install': False, 'path': '/home/ubuntu/dev_ws/src/power_supply', 'symlink_install': False, 'test_result_base': None}
[0.760s] INFO:colcon.colcon_core.executor:Executing jobs using 'parallel' executor
[0.767s] DEBUG:colcon.colcon_parallel_executor.executor.parallel:run_until_complete
[0.768s] INFO:colcon.colcon_ros.task.ament_cmake.build:Building ROS package in '/home/ubuntu/dev_ws/src/bed_messages' with build type 'ament_cmake'
[0.769s] INFO:colcon.colcon_cmake.task.cmake.build:Building CMake package in '/home/ubuntu/dev_ws/src/bed_messages'
[0.774s] ERROR:colcon.colcon_core.event_reactor:Exception in event handler extension 'console_start_end': [Errno 5] Input/output error
Traceback (most recent call last):
  File "/usr/lib/python3/dist-packages/colcon_core/event_reactor.py", line 78, in _notify_observers
    retval = observer(event)
  File "/usr/lib/python3/dist-packages/colcon_core/event_handler/console_start_end.py", line 37, in __call__
    print(
OSError: [Errno 5] Input/output error

[0.788s] INFO:colcon.colcon_core.plugin_system:Skipping extension 'colcon_core.shell.bat': Not used on non-Windows systems
[0.789s] INFO:colcon.colcon_core.shell:Skip shell extension 'powershell' for command environment: Not usable outside of PowerShell
[0.789s] DEBUG:colcon.colcon_core.shell:Skip shell extension 'dsv' for command environment
[0.800s] INFO:colcon.colcon_ros.task.ament_python.build:Building ROS package in '/home/ubuntu/dev_ws/src/linear_actuator' with build type 'ament_python'
[0.802s] Level 1:colcon.colcon_core.shell:create_environment_hook('linear_actuator', 'ament_prefix_path')
[0.806s] INFO:colcon.colcon_core.shell:Creating environment hook '/home/ubuntu/dev_ws/install/linear_actuator/share/linear_actuator/hook/ament_prefix_path.ps1'
[0.810s] INFO:colcon.colcon_core.shell:Creating environment descriptor '/home/ubuntu/dev_ws/install/linear_actuator/share/linear_actuator/hook/ament_prefix_path.dsv'
[0.807s] ERROR:colcon.colcon_core.event_reactor:Exception in event handler extension 'console_start_end': [Errno 5] Input/output error
Traceback (most recent call last):
  File "/usr/lib/python3/dist-packages/colcon_core/event_reactor.py", line 78, in _notify_observers
    retval = observer(event)
  File "/usr/lib/python3/dist-packages/colcon_core/event_handler/console_start_end.py", line 37, in __call__
    print(
OSError: [Errno 5] Input/output error

[0.814s] INFO:colcon.colcon_core.shell:Creating environment hook '/home/ubuntu/dev_ws/install/linear_actuator/share/linear_actuator/hook/ament_prefix_path.sh'
[0.819s] INFO:colcon.colcon_core.shell:Skip shell extension 'powershell' for command environment: Not usable outside of PowerShell
[0.819s] DEBUG:colcon.colcon_core.shell:Skip shell extension 'dsv' for command environment
[0.849s] DEBUG:colcon.colcon_core.event_handler.log_command:Invoking command in '/home/ubuntu/dev_ws/build/bed_messages': /usr/bin/cmake --build /home/ubuntu/dev_ws/build/bed_messages -- -j4 -l4
[1.901s] INFO:colcon.colcon_core.task.python.build:Building Python package in '/home/ubuntu/dev_ws/src/linear_actuator'
[1.904s] INFO:colcon.colcon_core.shell:Skip shell extension 'powershell' for command environment: Not usable outside of PowerShell
[1.904s] DEBUG:colcon.colcon_core.shell:Skip shell extension 'dsv' for command environment
[1.945s] DEBUG:colcon.colcon_core.event_handler.log_command:Invoked command in '/home/ubuntu/dev_ws/build/bed_messages' returned '0': /usr/bin/cmake --build /home/ubuntu/dev_ws/build/bed_messages -- -j4 -l4
[2.162s] DEBUG:colcon.colcon_core.event_handler.log_command:Invoking command in '/home/ubuntu/dev_ws/build/bed_messages': /usr/bin/cmake --install /home/ubuntu/dev_ws/build/bed_messages
[2.418s] Level 1:colcon.colcon_core.environment:create_environment_scripts_only(bed_messages)
[2.427s] DEBUG:colcon.colcon_core.event_handler.log_command:Invoked command in '/home/ubuntu/dev_ws/build/bed_messages' returned '0': /usr/bin/cmake --install /home/ubuntu/dev_ws/build/bed_messages
[2.440s] Level 1:colcon.colcon_core.environment:checking '/home/ubuntu/dev_ws/install/bed_messages' for CMake module files
[2.444s] Level 1:colcon.colcon_core.environment:checking '/home/ubuntu/dev_ws/install/bed_messages' for CMake config files
[2.447s] Level 1:colcon.colcon_core.shell:create_environment_hook('bed_messages', 'cmake_prefix_path')
[2.449s] INFO:colcon.colcon_core.shell:Creating environment hook '/home/ubuntu/dev_ws/install/bed_messages/share/bed_messages/hook/cmake_prefix_path.ps1'
[2.451s] INFO:colcon.colcon_core.shell:Creating environment descriptor '/home/ubuntu/dev_ws/install/bed_messages/share/bed_messages/hook/cmake_prefix_path.dsv'
[2.453s] INFO:colcon.colcon_core.shell:Creating environment hook '/home/ubuntu/dev_ws/install/bed_messages/share/bed_messages/hook/cmake_prefix_path.sh'
[2.456s] Level 1:colcon.colcon_core.environment:checking '/home/ubuntu/dev_ws/install/bed_messages/lib'
[2.457s] Level 1:colcon.colcon_core.shell:create_environment_hook('bed_messages', 'ld_library_path_lib')
[2.459s] INFO:colcon.colcon_core.shell:Creating environment hook '/home/ubuntu/dev_ws/install/bed_messages/share/bed_messages/hook/ld_library_path_lib.ps1'
[2.461s] INFO:colcon.colcon_core.shell:Creating environment descriptor '/home/ubuntu/dev_ws/install/bed_messages/share/bed_messages/hook/ld_library_path_lib.dsv'
[2.463s] INFO:colcon.colcon_core.shell:Creating environment hook '/home/ubuntu/dev_ws/install/bed_messages/share/bed_messages/hook/ld_library_path_lib.sh'
[2.465s] Level 1:colcon.colcon_core.environment:checking '/home/ubuntu/dev_ws/install/bed_messages/bin'
[2.466s] Level 1:colcon.colcon_core.environment:checking '/home/ubuntu/dev_ws/install/bed_messages/lib/pkgconfig/bed_messages.pc'
[2.466s] Level 1:colcon.colcon_core.environment:checking '/home/ubuntu/dev_ws/install/bed_messages/lib/python3.8/site-packages'
[2.466s] Level 1:colcon.colcon_core.shell:create_environment_hook('bed_messages', 'pythonpath')
[2.468s] INFO:colcon.colcon_core.shell:Creating environment hook '/home/ubuntu/dev_ws/install/bed_messages/share/bed_messages/hook/pythonpath.ps1'
[2.470s] INFO:colcon.colcon_core.shell:Creating environment descriptor '/home/ubuntu/dev_ws/install/bed_messages/share/bed_messages/hook/pythonpath.dsv'
[2.472s] INFO:colcon.colcon_core.shell:Creating environment hook '/home/ubuntu/dev_ws/install/bed_messages/share/bed_messages/hook/pythonpath.sh'
[2.477s] INFO:colcon.colcon_core.shell:Creating package script '/home/ubuntu/dev_ws/install/bed_messages/share/bed_messages/package.ps1'
[2.481s] INFO:colcon.colcon_core.shell:Creating package descriptor '/home/ubuntu/dev_ws/install/bed_messages/share/bed_messages/package.dsv'
[2.484s] INFO:colcon.colcon_core.shell:Creating package script '/home/ubuntu/dev_ws/install/bed_messages/share/bed_messages/package.sh'
[2.487s] INFO:colcon.colcon_core.shell:Creating package script '/home/ubuntu/dev_ws/install/bed_messages/share/bed_messages/package.bash'
[2.491s] INFO:colcon.colcon_core.shell:Creating package script '/home/ubuntu/dev_ws/install/bed_messages/share/bed_messages/package.zsh'
[2.495s] Level 1:colcon.colcon_core.environment:create_file_with_runtime_dependencies(/home/ubuntu/dev_ws/install/bed_messages/share/colcon-core/packages/bed_messages)
[2.687s] Level 1:colcon.colcon_core.environment:create_environment_scripts_only(bed_messages)
[2.690s] Level 1:colcon.colcon_core.environment:checking '/home/ubuntu/dev_ws/install/bed_messages' for CMake module files
[2.694s] Level 1:colcon.colcon_core.environment:checking '/home/ubuntu/dev_ws/install/bed_messages' for CMake config files
[2.697s] Level 1:colcon.colcon_core.shell:create_environment_hook('bed_messages', 'cmake_prefix_path')
[2.699s] INFO:colcon.colcon_core.shell:Creating environment hook '/home/ubuntu/dev_ws/install/bed_messages/share/bed_messages/hook/cmake_prefix_path.ps1'
[2.702s] INFO:colcon.colcon_core.shell:Creating environment descriptor '/home/ubuntu/dev_ws/install/bed_messages/share/bed_messages/hook/cmake_prefix_path.dsv'
[2.703s] INFO:colcon.colcon_core.shell:Creating environment hook '/home/ubuntu/dev_ws/install/bed_messages/share/bed_messages/hook/cmake_prefix_path.sh'
[2.707s] Level 1:colcon.colcon_core.environment:checking '/home/ubuntu/dev_ws/install/bed_messages/lib'
[2.708s] Level 1:colcon.colcon_core.shell:create_environment_hook('bed_messages', 'ld_library_path_lib')
[2.709s] INFO:colcon.colcon_core.shell:Creating environment hook '/home/ubuntu/dev_ws/install/bed_messages/share/bed_messages/hook/ld_library_path_lib.ps1'
[2.711s] INFO:colcon.colcon_core.shell:Creating environment descriptor '/home/ubuntu/dev_ws/install/bed_messages/share/bed_messages/hook/ld_library_path_lib.dsv'
[2.713s] INFO:colcon.colcon_core.shell:Creating environment hook '/home/ubuntu/dev_ws/install/bed_messages/share/bed_messages/hook/ld_library_path_lib.sh'
[2.715s] Level 1:colcon.colcon_core.environment:checking '/home/ubuntu/dev_ws/install/bed_messages/bin'
[2.716s] Level 1:colcon.colcon_core.environment:checking '/home/ubuntu/dev_ws/install/bed_messages/lib/pkgconfig/bed_messages.pc'
[2.716s] Level 1:colcon.colcon_core.environment:checking '/home/ubuntu/dev_ws/install/bed_messages/lib/python3.8/site-packages'
[2.716s] Level 1:colcon.colcon_core.shell:create_environment_hook('bed_messages', 'pythonpath')
[2.718s] INFO:colcon.colcon_core.shell:Creating environment hook '/home/ubuntu/dev_ws/install/bed_messages/share/bed_messages/hook/pythonpath.ps1'
[2.720s] INFO:colcon.colcon_core.shell:Creating environment descriptor '/home/ubuntu/dev_ws/install/bed_messages/share/bed_messages/hook/pythonpath.dsv'
[2.722s] INFO:colcon.colcon_core.shell:Creating environment hook '/home/ubuntu/dev_ws/install/bed_messages/share/bed_messages/hook/pythonpath.sh'
[2.726s] INFO:colcon.colcon_core.shell:Creating package script '/home/ubuntu/dev_ws/install/bed_messages/share/bed_messages/package.ps1'
[2.729s] INFO:colcon.colcon_core.shell:Creating package descriptor '/home/ubuntu/dev_ws/install/bed_messages/share/bed_messages/package.dsv'
[2.732s] INFO:colcon.colcon_core.shell:Creating package script '/home/ubuntu/dev_ws/install/bed_messages/share/bed_messages/package.sh'
[2.734s] INFO:colcon.colcon_core.shell:Creating package script '/home/ubuntu/dev_ws/install/bed_messages/share/bed_messages/package.bash'
[2.736s] INFO:colcon.colcon_core.shell:Creating package script '/home/ubuntu/dev_ws/install/bed_messages/share/bed_messages/package.zsh'
[2.738s] Level 1:colcon.colcon_core.environment:create_file_with_runtime_dependencies(/home/ubuntu/dev_ws/install/bed_messages/share/colcon-core/packages/bed_messages)
[2.740s] INFO:colcon.colcon_ros.task.ament_python.build:Building ROS package in '/home/ubuntu/dev_ws/src/power_supply' with build type 'ament_python'
[2.741s] Level 1:colcon.colcon_core.shell:create_environment_hook('power_supply', 'ament_prefix_path')
[2.743s] INFO:colcon.colcon_core.shell:Creating environment hook '/home/ubuntu/dev_ws/install/power_supply/share/power_supply/hook/ament_prefix_path.ps1'
[2.745s] ERROR:colcon.colcon_core.event_reactor:Exception in event handler extension 'console_start_end': 'bed_messages'
Traceback (most recent call last):
  File "/usr/lib/python3/dist-packages/colcon_core/event_reactor.py", line 78, in _notify_observers
    retval = observer(event)
  File "/usr/lib/python3/dist-packages/colcon_core/event_handler/console_start_end.py", line 48, in __call__
    time.monotonic() - self._start_times[data.identifier]
KeyError: 'bed_messages'

[2.747s] INFO:colcon.colcon_core.shell:Creating environment descriptor '/home/ubuntu/dev_ws/install/power_supply/share/power_supply/hook/ament_prefix_path.dsv'
[2.750s] ERROR:colcon.colcon_core.event_reactor:Exception in event handler extension 'console_start_end': [Errno 5] Input/output error
Traceback (most recent call last):
  File "/usr/lib/python3/dist-packages/colcon_core/event_reactor.py", line 78, in _notify_observers
    retval = observer(event)
  File "/usr/lib/python3/dist-packages/colcon_core/event_handler/console_start_end.py", line 37, in __call__
    print(
OSError: [Errno 5] Input/output error

[2.751s] INFO:colcon.colcon_core.shell:Creating environment hook '/home/ubuntu/dev_ws/install/power_supply/share/power_supply/hook/ament_prefix_path.sh'
[2.755s] INFO:colcon.colcon_core.shell:Skip shell extension 'powershell' for command environment: Not usable outside of PowerShell
[2.755s] DEBUG:colcon.colcon_core.shell:Skip shell extension 'dsv' for command environment
[3.803s] INFO:colcon.colcon_core.task.python.build:Building Python package in '/home/ubuntu/dev_ws/src/power_supply'
[3.806s] INFO:colcon.colcon_core.shell:Skip shell extension 'powershell' for command environment: Not usable outside of PowerShell
[3.806s] DEBUG:colcon.colcon_core.shell:Skip shell extension 'dsv' for command environment
[3.830s] DEBUG:colcon.colcon_core.event_handler.log_command:Invoking command in '/home/ubuntu/dev_ws/src/linear_actuator': PYTHONPATH=/home/ubuntu/dev_ws/install/linear_actuator/lib/python3.8/site-packages: /usr/bin/python3 setup.py egg_info --egg-base ../../build/linear_actuator build --build-base /home/ubuntu/dev_ws/build/linear_actuator/build install --prefix /home/ubuntu/dev_ws/install/linear_actuator --record /home/ubuntu/dev_ws/build/linear_actuator/install.log --single-version-externally-managed
[5.088s] Level 1:colcon.colcon_core.environment:checking '/home/ubuntu/dev_ws/install/linear_actuator' for CMake module files
[5.090s] DEBUG:colcon.colcon_core.event_handler.log_command:Invoked command in '/home/ubuntu/dev_ws/src/linear_actuator' returned '0': PYTHONPATH=/home/ubuntu/dev_ws/install/linear_actuator/lib/python3.8/site-packages: /usr/bin/python3 setup.py egg_info --egg-base ../../build/linear_actuator build --build-base /home/ubuntu/dev_ws/build/linear_actuator/build install --prefix /home/ubuntu/dev_ws/install/linear_actuator --record /home/ubuntu/dev_ws/build/linear_actuator/install.log --single-version-externally-managed
[5.092s] Level 1:colcon.colcon_core.environment:checking '/home/ubuntu/dev_ws/install/linear_actuator' for CMake config files
[5.096s] Level 1:colcon.colcon_core.environment:checking '/home/ubuntu/dev_ws/install/linear_actuator/lib'
[5.097s] Level 1:colcon.colcon_core.environment:checking '/home/ubuntu/dev_ws/install/linear_actuator/bin'
[5.097s] Level 1:colcon.colcon_core.environment:checking '/home/ubuntu/dev_ws/install/linear_actuator/lib/pkgconfig/linear_actuator.pc'
[5.097s] Level 1:colcon.colcon_core.environment:checking '/home/ubuntu/dev_ws/install/linear_actuator/lib/python3.8/site-packages'
[5.098s] Level 1:colcon.colcon_core.shell:create_environment_hook('linear_actuator', 'pythonpath')
[5.100s] INFO:colcon.colcon_core.shell:Creating environment hook '/home/ubuntu/dev_ws/install/linear_actuator/share/linear_actuator/hook/pythonpath.ps1'
[5.102s] INFO:colcon.colcon_core.shell:Creating environment descriptor '/home/ubuntu/dev_ws/install/linear_actuator/share/linear_actuator/hook/pythonpath.dsv'
[5.104s] INFO:colcon.colcon_core.shell:Creating environment hook '/home/ubuntu/dev_ws/install/linear_actuator/share/linear_actuator/hook/pythonpath.sh'
[5.107s] Level 1:colcon.colcon_core.environment:create_environment_scripts_only(linear_actuator)
[5.109s] INFO:colcon.colcon_core.shell:Creating package script '/home/ubuntu/dev_ws/install/linear_actuator/share/linear_actuator/package.ps1'
[5.112s] INFO:colcon.colcon_core.shell:Creating package descriptor '/home/ubuntu/dev_ws/install/linear_actuator/share/linear_actuator/package.dsv'
[5.115s] INFO:colcon.colcon_core.shell:Creating package script '/home/ubuntu/dev_ws/install/linear_actuator/share/linear_actuator/package.sh'
[5.117s] INFO:colcon.colcon_core.shell:Creating package script '/home/ubuntu/dev_ws/install/linear_actuator/share/linear_actuator/package.bash'
[5.119s] INFO:colcon.colcon_core.shell:Creating package script '/home/ubuntu/dev_ws/install/linear_actuator/share/linear_actuator/package.zsh'
[5.121s] Level 1:colcon.colcon_core.environment:create_file_with_runtime_dependencies(/home/ubuntu/dev_ws/install/linear_actuator/share/colcon-core/packages/linear_actuator)
[5.124s] ERROR:colcon.colcon_core.event_reactor:Exception in event handler extension 'console_start_end': 'linear_actuator'
Traceback (most recent call last):
  File "/usr/lib/python3/dist-packages/colcon_core/event_reactor.py", line 78, in _notify_observers
    retval = observer(event)
  File "/usr/lib/python3/dist-packages/colcon_core/event_handler/console_start_end.py", line 48, in __call__
    time.monotonic() - self._start_times[data.identifier]
KeyError: 'linear_actuator'

[5.561s] DEBUG:colcon.colcon_core.event_handler.log_command:Invoking command in '/home/ubuntu/dev_ws/src/power_supply': AMENT_PREFIX_PATH=/home/ubuntu/dev_ws/install/bed_messages CMAKE_PREFIX_PATH=/home/ubuntu/dev_ws/install/bed_messages LD_LIBRARY_PATH=/home/ubuntu/dev_ws/install/bed_messages/lib PYTHONPATH=/home/ubuntu/dev_ws/install/power_supply/lib/python3.8/site-packages:/home/ubuntu/dev_ws/install/bed_messages/lib/python3.8/site-packages /usr/bin/python3 setup.py egg_info --egg-base ../../build/power_supply build --build-base /home/ubuntu/dev_ws/build/power_supply/build install --prefix /home/ubuntu/dev_ws/install/power_supply --record /home/ubuntu/dev_ws/build/power_supply/install.log --single-version-externally-managed
[6.687s] Level 1:colcon.colcon_core.environment:checking '/home/ubuntu/dev_ws/install/power_supply' for CMake module files
[6.689s] DEBUG:colcon.colcon_core.event_handler.log_command:Invoked command in '/home/ubuntu/dev_ws/src/power_supply' returned '0': AMENT_PREFIX_PATH=/home/ubuntu/dev_ws/install/bed_messages CMAKE_PREFIX_PATH=/home/ubuntu/dev_ws/install/bed_messages LD_LIBRARY_PATH=/home/ubuntu/dev_ws/install/bed_messages/lib PYTHONPATH=/home/ubuntu/dev_ws/install/power_supply/lib/python3.8/site-packages:/home/ubuntu/dev_ws/install/bed_messages/lib/python3.8/site-packages /usr/bin/python3 setup.py egg_info --egg-base ../../build/power_supply build --build-base /home/ubuntu/dev_ws/build/power_supply/build install --prefix /home/ubuntu/dev_ws/install/power_supply --record /home/ubuntu/dev_ws/build/power_supply/install.log --single-version-externally-managed
[6.691s] Level 1:colcon.colcon_core.environment:checking '/home/ubuntu/dev_ws/install/power_supply' for CMake config files
[6.696s] Level 1:colcon.colcon_core.environment:checking '/home/ubuntu/dev_ws/install/power_supply/lib'
[6.696s] Level 1:colcon.colcon_core.environment:checking '/home/ubuntu/dev_ws/install/power_supply/bin'
[6.697s] Level 1:colcon.colcon_core.environment:checking '/home/ubuntu/dev_ws/install/power_supply/lib/pkgconfig/power_supply.pc'
[6.697s] Level 1:colcon.colcon_core.environment:checking '/home/ubuntu/dev_ws/install/power_supply/lib/python3.8/site-packages'
[6.697s] Level 1:colcon.colcon_core.shell:create_environment_hook('power_supply', 'pythonpath')
[6.699s] INFO:colcon.colcon_core.shell:Creating environment hook '/home/ubuntu/dev_ws/install/power_supply/share/power_supply/hook/pythonpath.ps1'
[6.702s] INFO:colcon.colcon_core.shell:Creating environment descriptor '/home/ubuntu/dev_ws/install/power_supply/share/power_supply/hook/pythonpath.dsv'
[6.704s] INFO:colcon.colcon_core.shell:Creating environment hook '/home/ubuntu/dev_ws/install/power_supply/share/power_supply/hook/pythonpath.sh'
[6.706s] Level 1:colcon.colcon_core.environment:create_environment_scripts_only(power_supply)
[6.708s] INFO:colcon.colcon_core.shell:Creating package script '/home/ubuntu/dev_ws/install/power_supply/share/power_supply/package.ps1'
[6.711s] INFO:colcon.colcon_core.shell:Creating package descriptor '/home/ubuntu/dev_ws/install/power_supply/share/power_supply/package.dsv'
[6.713s] INFO:colcon.colcon_core.shell:Creating package script '/home/ubuntu/dev_ws/install/power_supply/share/power_supply/package.sh'
[6.715s] INFO:colcon.colcon_core.shell:Creating package script '/home/ubuntu/dev_ws/install/power_supply/share/power_supply/package.bash'
[6.717s] INFO:colcon.colcon_core.shell:Creating package script '/home/ubuntu/dev_ws/install/power_supply/share/power_supply/package.zsh'
[6.719s] Level 1:colcon.colcon_core.environment:create_file_with_runtime_dependencies(/home/ubuntu/dev_ws/install/power_supply/share/colcon-core/packages/power_supply)
[6.720s] DEBUG:colcon.colcon_parallel_executor.executor.parallel:closing loop
[6.721s] DEBUG:colcon.colcon_parallel_executor.executor.parallel:loop closed
[6.721s] DEBUG:colcon.colcon_parallel_executor.executor.parallel:run_until_complete finished with '0'
[6.722s] DEBUG:colcon.colcon_core.event_reactor:joining thread
[6.722s] ERROR:colcon.colcon_core.event_reactor:Exception in event handler extension 'console_start_end': 'power_supply'
Traceback (most recent call last):
  File "/usr/lib/python3/dist-packages/colcon_core/event_reactor.py", line 78, in _notify_observers
    retval = observer(event)
  File "/usr/lib/python3/dist-packages/colcon_core/event_handler/console_start_end.py", line 48, in __call__
    time.monotonic() - self._start_times[data.identifier]
KeyError: 'power_supply'

[6.745s] INFO:colcon.colcon_core.plugin_system:Skipping extension 'colcon_notification.desktop_notification.notify_send': Could not find 'notify-send'
[6.745s] INFO:colcon.colcon_core.plugin_system:Skipping extension 'colcon_notification.desktop_notification.terminal_notifier': Not used on non-Darwin systems
[6.745s] INFO:colcon.colcon_core.plugin_system:Skipping extension 'colcon_notification.desktop_notification.win32': Not used on non-Windows systems
[6.746s] INFO:colcon.colcon_notification.desktop_notification:Sending desktop notification using 'notify2'
[6.746s] DEBUG:colcon.colcon_notification.desktop_notification.notify2:Failed to initialize notify2: org.freedesktop.DBus.Error.NotSupported: Unable to autolaunch a dbus-daemon without a $DISPLAY for X11
[6.746s] DEBUG:colcon.colcon_core.event_reactor:joined thread
[6.748s] INFO:colcon.colcon_core.shell:Creating prefix script '/home/ubuntu/dev_ws/install/local_setup.ps1'
[6.752s] INFO:colcon.colcon_core.shell:Creating prefix util module '/home/ubuntu/dev_ws/install/_local_setup_util_ps1.py'
[6.757s] INFO:colcon.colcon_core.shell:Creating prefix chain script '/home/ubuntu/dev_ws/install/setup.ps1'
[6.761s] INFO:colcon.colcon_core.shell:Creating prefix script '/home/ubuntu/dev_ws/install/local_setup.sh'
[6.763s] INFO:colcon.colcon_core.shell:Creating prefix util module '/home/ubuntu/dev_ws/install/_local_setup_util_sh.py'
[6.765s] INFO:colcon.colcon_core.shell:Creating prefix chain script '/home/ubuntu/dev_ws/install/setup.sh'
[6.769s] INFO:colcon.colcon_core.shell:Creating prefix script '/home/ubuntu/dev_ws/install/local_setup.bash'
[6.771s] INFO:colcon.colcon_core.shell:Creating prefix chain script '/home/ubuntu/dev_ws/install/setup.bash'
[6.775s] INFO:colcon.colcon_core.shell:Creating prefix script '/home/ubuntu/dev_ws/install/local_setup.zsh'
[6.777s] INFO:colcon.colcon_core.shell:Creating prefix chain script '/home/ubuntu/dev_ws/install/setup.zsh'
