[0.000000] (-) TimerEvent: {}
[0.001044] (bed_messages) JobQueued: {'identifier': 'bed_messages', 'dependencies': OrderedDict()}
[0.001373] (linear_actuator) JobQueued: {'identifier': 'linear_actuator', 'dependencies': OrderedDict()}
[0.001979] (power_supply) JobQueued: {'identifier': 'power_supply', 'dependencies': OrderedDict([('bed_messages', '/home/ubuntu/dev_ws/install/bed_messages')])}
[0.002386] (bed_messages) JobStarted: {'identifier': 'bed_messages'}
[0.043053] (linear_actuator) JobStarted: {'identifier': 'linear_actuator'}
[0.088703] (bed_messages) JobProgress: {'identifier': 'bed_messages', 'progress': 'cmake'}
[0.091915] (bed_messages) JobProgress: {'identifier': 'bed_messages', 'progress': 'build'}
[0.094604] (bed_messages) Command: {'cmd': ['/usr/bin/cmake', '--build', '/home/ubuntu/dev_ws/build/bed_messages', '--', '-j4', '-l4'], 'cwd': '/home/ubuntu/dev_ws/build/bed_messages', 'env': OrderedDict([('SUDO_GID', '1000'), ('LESSOPEN', '| /usr/bin/lesspipe %s'), ('MAIL', '/var/mail/root'), ('USER', 'root'), ('SHLVL', '1'), ('LD_LIBRARY_PATH', '/home/ubuntu/dev_ws/install/bed_messages/lib:/opt/ros/foxy/opt/yaml_cpp_vendor/lib:/opt/ros/foxy/opt/rviz_ogre_vendor/lib:/opt/ros/foxy/lib/aarch64-linux-gnu:/opt/ros/foxy/lib'), ('HOME', '/root'), ('ROS_PYTHON_VERSION', '3'), ('COLCON_PREFIX_PATH', '/home/ubuntu/dev_ws/install'), ('SUDO_UID', '1000'), ('ROS_DISTRO', 'foxy'), ('LOGNAME', 'root'), ('_', '/usr/bin/colcon'), ('ROS_VERSION', '2'), ('TERM', 'xterm-256color'), ('ROS_LOCALHOST_ONLY', '0'), ('PATH', '/opt/ros/foxy/bin:/usr/local/sbin:/usr/local/bin:/usr/sbin:/usr/bin:/sbin:/bin:/usr/games:/usr/local/games:/snap/bin'), ('LANG', 'C.UTF-8'), ('LS_COLORS', 'rs=0:di=01;34:ln=01;36:mh=00:pi=40;33:so=01;35:do=01;35:bd=40;33;01:cd=40;33;01:or=40;31;01:mi=00:su=37;41:sg=30;43:ca=30;41:tw=30;42:ow=34;42:st=37;44:ex=01;32:*.tar=01;31:*.tgz=01;31:*.arc=01;31:*.arj=01;31:*.taz=01;31:*.lha=01;31:*.lz4=01;31:*.lzh=01;31:*.lzma=01;31:*.tlz=01;31:*.txz=01;31:*.tzo=01;31:*.t7z=01;31:*.zip=01;31:*.z=01;31:*.dz=01;31:*.gz=01;31:*.lrz=01;31:*.lz=01;31:*.lzo=01;31:*.xz=01;31:*.zst=01;31:*.tzst=01;31:*.bz2=01;31:*.bz=01;31:*.tbz=01;31:*.tbz2=01;31:*.tz=01;31:*.deb=01;31:*.rpm=01;31:*.jar=01;31:*.war=01;31:*.ear=01;31:*.sar=01;31:*.rar=01;31:*.alz=01;31:*.ace=01;31:*.zoo=01;31:*.cpio=01;31:*.7z=01;31:*.rz=01;31:*.cab=01;31:*.wim=01;31:*.swm=01;31:*.dwm=01;31:*.esd=01;31:*.jpg=01;35:*.jpeg=01;35:*.mjpg=01;35:*.mjpeg=01;35:*.gif=01;35:*.bmp=01;35:*.pbm=01;35:*.pgm=01;35:*.ppm=01;35:*.tga=01;35:*.xbm=01;35:*.xpm=01;35:*.tif=01;35:*.tiff=01;35:*.png=01;35:*.svg=01;35:*.svgz=01;35:*.mng=01;35:*.pcx=01;35:*.mov=01;35:*.mpg=01;35:*.mpeg=01;35:*.m2v=01;35:*.mkv=01;35:*.webm=01;35:*.ogm=01;35:*.mp4=01;35:*.m4v=01;35:*.mp4v=01;35:*.vob=01;35:*.qt=01;35:*.nuv=01;35:*.wmv=01;35:*.asf=01;35:*.rm=01;35:*.rmvb=01;35:*.flc=01;35:*.avi=01;35:*.fli=01;35:*.flv=01;35:*.gl=01;35:*.dl=01;35:*.xcf=01;35:*.xwd=01;35:*.yuv=01;35:*.cgm=01;35:*.emf=01;35:*.ogv=01;35:*.ogx=01;35:*.aac=00;36:*.au=00;36:*.flac=00;36:*.m4a=00;36:*.mid=00;36:*.midi=00;36:*.mka=00;36:*.mp3=00;36:*.mpc=00;36:*.ogg=00;36:*.ra=00;36:*.wav=00;36:*.oga=00;36:*.opus=00;36:*.spx=00;36:*.xspf=00;36:'), ('SUDO_COMMAND', '/usr/bin/su'), ('AMENT_PREFIX_PATH', '/home/ubuntu/dev_ws/install/power_supply:/home/ubuntu/dev_ws/install/linear_actuator:/home/ubuntu/dev_ws/install/bed_messages:/opt/ros/foxy'), ('SHELL', '/bin/bash'), ('SUDO_USER', 'ubuntu'), ('LESSCLOSE', '/usr/bin/lesspipe %s %s'), ('PWD', '/home/ubuntu/dev_ws/build/bed_messages'), ('PYTHONPATH', '/home/ubuntu/dev_ws/install/power_supply/lib/python3.8/site-packages:/home/ubuntu/dev_ws/install/linear_actuator/lib/python3.8/site-packages:/home/ubuntu/dev_ws/install/bed_messages/lib/python3.8/site-packages:/opt/ros/foxy/lib/python3.8/site-packages'), ('COLCON', '1'), ('CMAKE_PREFIX_PATH', '/home/ubuntu/dev_ws/install/bed_messages:/home/ubuntu/dev_ws/install/power_supply:/home/ubuntu/dev_ws/install/linear_actuator:/opt/ros/foxy')]), 'shell': False}
[0.099244] (-) TimerEvent: {}
[0.200164] (-) TimerEvent: {}
[0.301441] (-) TimerEvent: {}
[0.338693] (bed_messages) StdoutLine: {'line': b'[  3%] Built target bed_messages__cpp\n'}
[0.347438] (bed_messages) StdoutLine: {'line': b'[ 12%] Built target bed_messages__rosidl_generator_c\n'}
[0.401816] (-) TimerEvent: {}
[0.472151] (bed_messages) StdoutLine: {'line': b'[ 22%] Built target bed_messages__rosidl_typesupport_introspection_cpp\n'}
[0.501956] (bed_messages) StdoutLine: {'line': b'[ 32%] Built target bed_messages__rosidl_typesupport_c\n'}
[0.502810] (-) TimerEvent: {}
[0.527408] (bed_messages) StdoutLine: {'line': b'[ 41%] Built target bed_messages__rosidl_typesupport_cpp\n'}
[0.542886] (bed_messages) StdoutLine: {'line': b'[ 51%] Built target bed_messages__rosidl_typesupport_fastrtps_cpp\n'}
[0.587542] (bed_messages) StdoutLine: {'line': b'[ 61%] Built target bed_messages__rosidl_typesupport_introspection_c\n'}
[0.602952] (-) TimerEvent: {}
[0.680366] (bed_messages) StdoutLine: {'line': b'[ 70%] Built target bed_messages__rosidl_typesupport_fastrtps_c\n'}
[0.703149] (-) TimerEvent: {}
[0.768280] (bed_messages) StdoutLine: {'line': b'[ 70%] Built target bed_messages\n'}
[0.803322] (-) TimerEvent: {}
[0.857457] (bed_messages) StdoutLine: {'line': b'[ 74%] Built target bed_messages__py\n'}
[0.903569] (-) TimerEvent: {}
[0.994979] (bed_messages) StdoutLine: {'line': b'[ 80%] Built target bed_messages__python\n'}
[1.003788] (-) TimerEvent: {}
[1.105322] (-) TimerEvent: {}
[1.149604] (bed_messages) StdoutLine: {'line': b'[ 87%] Built target bed_messages__rosidl_typesupport_c__pyext\n'}
[1.152022] (bed_messages) StdoutLine: {'line': b'[ 93%] Built target bed_messages__rosidl_typesupport_fastrtps_c__pyext\n'}
[1.156274] (bed_messages) StdoutLine: {'line': b'[100%] Built target bed_messages__rosidl_typesupport_introspection_c__pyext\n'}
[1.205463] (-) TimerEvent: {}
[1.306201] (-) TimerEvent: {}
[1.361750] (bed_messages) CommandEnded: {'returncode': 0}
[1.406462] (-) TimerEvent: {}
[1.507402] (-) TimerEvent: {}
[1.608127] (-) TimerEvent: {}
[1.623556] (bed_messages) JobProgress: {'identifier': 'bed_messages', 'progress': 'install'}
[1.666099] (bed_messages) Command: {'cmd': ['/usr/bin/cmake', '--install', '/home/ubuntu/dev_ws/build/bed_messages'], 'cwd': '/home/ubuntu/dev_ws/build/bed_messages', 'env': OrderedDict([('SUDO_GID', '1000'), ('LESSOPEN', '| /usr/bin/lesspipe %s'), ('MAIL', '/var/mail/root'), ('USER', 'root'), ('SHLVL', '1'), ('LD_LIBRARY_PATH', '/home/ubuntu/dev_ws/install/bed_messages/lib:/opt/ros/foxy/opt/yaml_cpp_vendor/lib:/opt/ros/foxy/opt/rviz_ogre_vendor/lib:/opt/ros/foxy/lib/aarch64-linux-gnu:/opt/ros/foxy/lib'), ('HOME', '/root'), ('ROS_PYTHON_VERSION', '3'), ('COLCON_PREFIX_PATH', '/home/ubuntu/dev_ws/install'), ('SUDO_UID', '1000'), ('ROS_DISTRO', 'foxy'), ('LOGNAME', 'root'), ('_', '/usr/bin/colcon'), ('ROS_VERSION', '2'), ('TERM', 'xterm-256color'), ('ROS_LOCALHOST_ONLY', '0'), ('PATH', '/opt/ros/foxy/bin:/usr/local/sbin:/usr/local/bin:/usr/sbin:/usr/bin:/sbin:/bin:/usr/games:/usr/local/games:/snap/bin'), ('LANG', 'C.UTF-8'), ('LS_COLORS', 'rs=0:di=01;34:ln=01;36:mh=00:pi=40;33:so=01;35:do=01;35:bd=40;33;01:cd=40;33;01:or=40;31;01:mi=00:su=37;41:sg=30;43:ca=30;41:tw=30;42:ow=34;42:st=37;44:ex=01;32:*.tar=01;31:*.tgz=01;31:*.arc=01;31:*.arj=01;31:*.taz=01;31:*.lha=01;31:*.lz4=01;31:*.lzh=01;31:*.lzma=01;31:*.tlz=01;31:*.txz=01;31:*.tzo=01;31:*.t7z=01;31:*.zip=01;31:*.z=01;31:*.dz=01;31:*.gz=01;31:*.lrz=01;31:*.lz=01;31:*.lzo=01;31:*.xz=01;31:*.zst=01;31:*.tzst=01;31:*.bz2=01;31:*.bz=01;31:*.tbz=01;31:*.tbz2=01;31:*.tz=01;31:*.deb=01;31:*.rpm=01;31:*.jar=01;31:*.war=01;31:*.ear=01;31:*.sar=01;31:*.rar=01;31:*.alz=01;31:*.ace=01;31:*.zoo=01;31:*.cpio=01;31:*.7z=01;31:*.rz=01;31:*.cab=01;31:*.wim=01;31:*.swm=01;31:*.dwm=01;31:*.esd=01;31:*.jpg=01;35:*.jpeg=01;35:*.mjpg=01;35:*.mjpeg=01;35:*.gif=01;35:*.bmp=01;35:*.pbm=01;35:*.pgm=01;35:*.ppm=01;35:*.tga=01;35:*.xbm=01;35:*.xpm=01;35:*.tif=01;35:*.tiff=01;35:*.png=01;35:*.svg=01;35:*.svgz=01;35:*.mng=01;35:*.pcx=01;35:*.mov=01;35:*.mpg=01;35:*.mpeg=01;35:*.m2v=01;35:*.mkv=01;35:*.webm=01;35:*.ogm=01;35:*.mp4=01;35:*.m4v=01;35:*.mp4v=01;35:*.vob=01;35:*.qt=01;35:*.nuv=01;35:*.wmv=01;35:*.asf=01;35:*.rm=01;35:*.rmvb=01;35:*.flc=01;35:*.avi=01;35:*.fli=01;35:*.flv=01;35:*.gl=01;35:*.dl=01;35:*.xcf=01;35:*.xwd=01;35:*.yuv=01;35:*.cgm=01;35:*.emf=01;35:*.ogv=01;35:*.ogx=01;35:*.aac=00;36:*.au=00;36:*.flac=00;36:*.m4a=00;36:*.mid=00;36:*.midi=00;36:*.mka=00;36:*.mp3=00;36:*.mpc=00;36:*.ogg=00;36:*.ra=00;36:*.wav=00;36:*.oga=00;36:*.opus=00;36:*.spx=00;36:*.xspf=00;36:'), ('SUDO_COMMAND', '/usr/bin/su'), ('AMENT_PREFIX_PATH', '/home/ubuntu/dev_ws/install/power_supply:/home/ubuntu/dev_ws/install/linear_actuator:/home/ubuntu/dev_ws/install/bed_messages:/opt/ros/foxy'), ('SHELL', '/bin/bash'), ('SUDO_USER', 'ubuntu'), ('LESSCLOSE', '/usr/bin/lesspipe %s %s'), ('PWD', '/home/ubuntu/dev_ws/build/bed_messages'), ('PYTHONPATH', '/home/ubuntu/dev_ws/install/power_supply/lib/python3.8/site-packages:/home/ubuntu/dev_ws/install/linear_actuator/lib/python3.8/site-packages:/home/ubuntu/dev_ws/install/bed_messages/lib/python3.8/site-packages:/opt/ros/foxy/lib/python3.8/site-packages'), ('COLCON', '1'), ('CMAKE_PREFIX_PATH', '/home/ubuntu/dev_ws/install/bed_messages:/home/ubuntu/dev_ws/install/power_supply:/home/ubuntu/dev_ws/install/linear_actuator:/opt/ros/foxy')]), 'shell': False}
[1.699965] (bed_messages) CommandEnded: {'returncode': -2}
[1.708561] (-) TimerEvent: {}
[1.770125] (linear_actuator) StderrLine: {'line': b'Traceback (most recent call last):\n  File "/usr/lib/python3/dist-packages/colcon_parallel_executor/executor/parallel.py", line 67, in execute\n    loop.run_until_complete(future)\n  File "/usr/lib/python3.8/asyncio/base_events.py", line 603, in run_until_complete\n    self.run_forever()\n  File "/usr/lib/python3.8/asyncio/base_events.py", line 570, in run_forever\n    self._run_once()\n  File "/usr/lib/python3.8/asyncio/base_events.py", line 1823, in _run_once\n    event_list = self._selector.select(timeout)\n  File "/usr/lib/python3.8/selectors.py", line 468, in select\n    fd_event_list = self._selector.poll(timeout, max_ev)\nKeyboardInterrupt\n\nDuring handling of the above exception, another exception occurred:\n\nTraceback (most recent call last):\n  File "/usr/lib/python3/dist-packages/colcon_core/executor/__init__.py", line 91, in __call__\n    rc = await self.task(*args, **kwargs)\n  File "/usr/lib/python3/dist-packages/colcon_core/task/__init__.py", line 93, in __call__\n    return await task_method(*args, **kwargs)\n  File "/usr/lib/python3/dist-packages/colcon_ros/task/ament_python/build.py", line 105, in build\n    return await extension.build(additional_hooks=additional_hooks)\n  File "/usr/lib/python3/dist-packages/colcon_core/task/python/build.py", line 64, in build\n    available_commands = await self._get_available_commands(\n  File "/usr/lib/python3/dist-packages/colcon_core/task/python/build.py", line 148, in _get_available_commands\n    output = await check_output(\n  File "/usr/lib/python3/dist-packages/colcon_core/subprocess.py", line 107, in check_output\n    assert not rc, \\\nAssertionError: Expected [\'/usr/bin/python3\', \'setup.py\', \'--help-commands\'] to pass: Traceback (most recent call last):\n  File "setup.py", line 1, in <module>\n    from setuptools import setup\n  File "/usr/lib/python3/dist-packages/setuptools/__init__.py", line 17, in <module>\n    import setuptools.version\n  File "/usr/lib/python3/dist-packages/setuptools/version.py", line 1, in <module>\n    import pkg_resources\n  File "/usr/lib/python3/dist-packages/pkg_resources/__init__.py", line 83, in <module>\n    __import__(\'pkg_resources.extern.packaging.specifiers\')\n  File "/usr/lib/python3/dist-packages/pkg_resources/_vendor/packaging/specifiers.py", line 214, in <module>\n    class LegacySpecifier(_IndividualSpecifier):\n  File "/usr/lib/python3/dist-packages/pkg_resources/_vendor/packaging/specifiers.py", line 230, in LegacySpecifier\n    _regex = re.compile(\n  File "/usr/lib/python3.8/re.py", line 252, in compile\n    return _compile(pattern, flags)\n  File "/usr/lib/python3.8/re.py", line 304, in _compile\n    p = sre_compile.compile(pattern, flags)\n  File "/usr/lib/python3.8/sre_compile.py", line 764, in compile\n    p = sre_parse.parse(p, flags)\n  File "/usr/lib/python3.8/sre_parse.py", line 948, in parse\n    p = _parse_sub(source, state, flags & SRE_FLAG_VERBOSE, 0)\n  File "/usr/lib/python3.8/sre_parse.py", line 443, in _parse_sub\n    itemsappend(_parse(source, state, verbose, nested + 1,\n  File "/usr/lib/python3.8/sre_parse.py", line 834, in _parse\n    p = _parse_sub(source, state, sub_verbose, nested + 1)\n  File "/usr/lib/python3.8/sre_parse.py", line 443, in _parse_sub\n    itemsappend(_parse(source, state, verbose, nested + 1,\n  File "/usr/lib/python3.8/sre_parse.py", line 834, in _parse\n    p = _parse_sub(source, state, sub_verbose, nested + 1)\n  File "/usr/lib/python3.8/sre_parse.py", line 445, in _parse_sub\n    if not sourcematch("|"):\n  File "/usr/lib/python3.8/sre_parse.py", line 251, in match\n    self.__next()\n  File "/usr/lib/python3.8/sre_parse.py", line 233, in __next\n    def __next(self):\nKeyboardInterrupt\n\n'}
[1.773444] (linear_actuator) JobEnded: {'identifier': 'linear_actuator', 'rc': 'SIGINT'}
[1.808659] (-) TimerEvent: {}
[1.909321] (-) TimerEvent: {}
[1.999246] (bed_messages) JobEnded: {'identifier': 'bed_messages', 'rc': 'SIGINT'}
[2.009492] (-) TimerEvent: {}
[2.012051] (power_supply) JobSkipped: {'identifier': 'power_supply'}
[2.012321] (-) EventReactorShutdown: {}
